2019-08-14 19:22:24.499  INFO 12739 --- [main] org.xxpay.XxPayMerchantApplication       : Starting XxPayMerchantApplication on localhost with PID 12739 (/opt/work/xxpay/xxpay-merchant/target/classes started by sunxiangfan in /opt/work/xxpay)
2019-08-14 19:22:24.502  INFO 12739 --- [main] org.xxpay.XxPayMerchantApplication       : No active profile set, falling back to default profiles: default
2019-08-14 19:22:24.578  INFO 12739 --- [main] ationConfigEmbeddedWebApplicationContext : Refreshing org.springframework.boot.context.embedded.AnnotationConfigEmbeddedWebApplicationContext@28cda624: startup date [Wed Aug 14 19:22:24 CST 2019]; root of context hierarchy
2019-08-14 19:22:26.328  INFO 12739 --- [main] s.b.c.e.t.TomcatEmbeddedServletContainer : Tomcat initialized with port(s): 8094 (http)
2019-08-14 19:22:26.338  INFO 12739 --- [main] o.apache.catalina.core.StandardService   : Starting service [Tomcat]
2019-08-14 19:22:26.339  INFO 12739 --- [main] org.apache.catalina.core.StandardEngine  : Starting Servlet Engine: Apache Tomcat/8.5.16
2019-08-14 19:22:26.446  INFO 12739 --- [localhost-startStop-1] o.a.c.c.C.[Tomcat].[localhost].[/]       : Initializing Spring embedded WebApplicationContext
2019-08-14 19:22:26.446  INFO 12739 --- [localhost-startStop-1] o.s.web.context.ContextLoader            : Root WebApplicationContext: initialization completed in 1869 ms
2019-08-14 19:22:26.563  INFO 12739 --- [localhost-startStop-1] o.s.b.w.servlet.ServletRegistrationBean  : Mapping servlet: 'dispatcherServlet' to [/]
2019-08-14 19:22:26.567  INFO 12739 --- [localhost-startStop-1] o.s.b.w.servlet.FilterRegistrationBean   : Mapping filter: 'characterEncodingFilter' to: [/*]
2019-08-14 19:22:26.568  INFO 12739 --- [localhost-startStop-1] o.s.b.w.servlet.FilterRegistrationBean   : Mapping filter: 'hiddenHttpMethodFilter' to: [/*]
2019-08-14 19:22:26.568  INFO 12739 --- [localhost-startStop-1] o.s.b.w.servlet.FilterRegistrationBean   : Mapping filter: 'httpPutFormContentFilter' to: [/*]
2019-08-14 19:22:26.568  INFO 12739 --- [localhost-startStop-1] o.s.b.w.servlet.FilterRegistrationBean   : Mapping filter: 'requestContextFilter' to: [/*]
2019-08-14 19:22:28.148  INFO 12739 --- [main] com.alibaba.druid.pool.DruidDataSource   : {dataSource-1} inited
2019-08-14 19:22:29.548  INFO 12739 --- [main] s.w.s.m.m.a.RequestMappingHandlerAdapter : Looking for @ControllerAdvice: org.springframework.boot.context.embedded.AnnotationConfigEmbeddedWebApplicationContext@28cda624: startup date [Wed Aug 14 19:22:24 CST 2019]; root of context hierarchy
2019-08-14 19:22:29.666  INFO 12739 --- [main] s.w.s.m.m.a.RequestMappingHandlerMapping : Mapped "{[/amount_flow/list]}" onto public java.lang.String org.xxpay.merchant.controller.AmountFlowController.list(org.xxpay.dal.dao.model.AmountFlow,java.lang.Integer,java.lang.Integer)
2019-08-14 19:22:29.668  INFO 12739 --- [main] s.w.s.m.m.a.RequestMappingHandlerMapping : Mapped "{[/amount_flow/list.html]}" onto public java.lang.String org.xxpay.merchant.controller.AmountFlowController.listInput(org.springframework.ui.ModelMap)
2019-08-14 19:22:29.670  INFO 12739 --- [main] s.w.s.m.m.a.RequestMappingHandlerMapping : Mapped "{[/deposit_amount/list]}" onto public java.lang.String org.xxpay.merchant.controller.DepositAmountController.list(org.xxpay.dal.dao.model.DepositAmount,java.lang.Integer,java.lang.Integer)
2019-08-14 19:22:29.670  INFO 12739 --- [main] s.w.s.m.m.a.RequestMappingHandlerMapping : Mapped "{[/deposit_amount/list.html]}" onto public java.lang.String org.xxpay.merchant.controller.DepositAmountController.listInput(org.springframework.ui.ModelMap)
2019-08-14 19:22:29.671  INFO 12739 --- [main] s.w.s.m.m.a.RequestMappingHandlerMapping : Mapped "{[/index.html]}" onto public java.lang.String org.xxpay.merchant.controller.IndexController.index(org.springframework.ui.ModelMap)
2019-08-14 19:22:29.673  INFO 12739 --- [main] s.w.s.m.m.a.RequestMappingHandlerMapping : Mapped "{[/main.html]}" onto public java.lang.String org.xxpay.merchant.controller.IndexController.main(org.springframework.ui.ModelMap)
2019-08-14 19:22:29.674  INFO 12739 --- [main] s.w.s.m.m.a.RequestMappingHandlerMapping : Mapped "{[/change_password.html]}" onto public java.lang.String org.xxpay.merchant.controller.IndexController.changePasswordInput()
2019-08-14 19:22:29.675  INFO 12739 --- [main] s.w.s.m.m.a.RequestMappingHandlerMapping : Mapped "{[/change_password]}" onto public org.xxpay.common.model.SimpleResult org.xxpay.merchant.controller.IndexController.changePasswod(java.lang.String,java.lang.String,java.lang.String)
2019-08-14 19:22:29.677  INFO 12739 --- [main] s.w.s.m.m.a.RequestMappingHandlerMapping : Mapped "{[/query_pay_order_statistics]}" onto public java.lang.String org.xxpay.merchant.controller.IndexController.queryPayOrderStatistics()
2019-08-14 19:22:29.678  INFO 12739 --- [main] s.w.s.m.m.a.RequestMappingHandlerMapping : Mapped "{[/login.html]}" onto public java.lang.String org.xxpay.merchant.controller.LoginController.index(org.springframework.ui.ModelMap)
2019-08-14 19:22:29.680  INFO 12739 --- [main] s.w.s.m.m.a.RequestMappingHandlerMapping : Mapped "{[/login],methods=[POST]}" onto public java.lang.String org.xxpay.merchant.controller.LoginController.save(java.lang.String)
2019-08-14 19:22:29.681  INFO 12739 --- [main] s.w.s.m.m.a.RequestMappingHandlerMapping : Mapped "{[/verify.jpg]}" onto public void org.xxpay.merchant.controller.LoginController.vrifyCode(javax.servlet.http.HttpServletRequest,javax.servlet.http.HttpServletResponse) throws java.io.IOException
2019-08-14 19:22:29.685  INFO 12739 --- [main] s.w.s.m.m.a.RequestMappingHandlerMapping : Mapped "{[/mch_bank_card/list]}" onto public java.lang.String org.xxpay.merchant.controller.MchBankCardController.list(org.xxpay.dal.dao.model.MchBankCard,java.lang.Integer,java.lang.Integer)
2019-08-14 19:22:29.685  INFO 12739 --- [main] s.w.s.m.m.a.RequestMappingHandlerMapping : Mapped "{[/mch_bank_card/save],methods=[POST]}" onto public org.xxpay.common.model.SimpleResult org.xxpay.merchant.controller.MchBankCardController.save(java.lang.String)
2019-08-14 19:22:29.686  INFO 12739 --- [main] s.w.s.m.m.a.RequestMappingHandlerMapping : Mapped "{[/mch_bank_card/del],methods=[POST]}" onto public org.xxpay.common.model.SimpleResult org.xxpay.merchant.controller.MchBankCardController.del(java.lang.String)
2019-08-14 19:22:29.686  INFO 12739 --- [main] s.w.s.m.m.a.RequestMappingHandlerMapping : Mapped "{[/mch_bank_card/list.html]}" onto public java.lang.String org.xxpay.merchant.controller.MchBankCardController.listInput(org.springframework.ui.ModelMap)
2019-08-14 19:22:29.686  INFO 12739 --- [main] s.w.s.m.m.a.RequestMappingHandlerMapping : Mapped "{[/mch_bank_card/edit.html]}" onto public java.lang.String org.xxpay.merchant.controller.MchBankCardController.editInput(java.lang.String,org.springframework.ui.ModelMap)
2019-08-14 19:22:29.687  INFO 12739 --- [main] s.w.s.m.m.a.RequestMappingHandlerMapping : Mapped "{[/mch_bank_card/view.html]}" onto public java.lang.String org.xxpay.merchant.controller.MchBankCardController.viewInput(java.lang.String,org.springframework.ui.ModelMap)
2019-08-14 19:22:29.688  INFO 12739 --- [main] s.w.s.m.m.a.RequestMappingHandlerMapping : Mapped "{[/mch_info/index.html]}" onto public java.lang.String org.xxpay.merchant.controller.MchInfoController.indexInput(org.springframework.ui.ModelMap)
2019-08-14 19:22:29.690  INFO 12739 --- [main] s.w.s.m.m.a.RequestMappingHandlerMapping : Mapped "{[/mch_pay_channel/list]}" onto public java.lang.String org.xxpay.merchant.controller.MchPayChannelController.list(org.xxpay.dal.dao.model.MchPayChannel,java.lang.Integer,java.lang.Integer)
2019-08-14 19:22:29.690  INFO 12739 --- [main] s.w.s.m.m.a.RequestMappingHandlerMapping : Mapped "{[/mch_pay_channel/list.html]}" onto public java.lang.String org.xxpay.merchant.controller.MchPayChannelController.listInput(java.lang.String,org.springframework.ui.ModelMap)
2019-08-14 19:22:29.691  INFO 12739 --- [main] s.w.s.m.m.a.RequestMappingHandlerMapping : Mapped "{[/mch_pay_channel/view.html]}" onto public java.lang.String org.xxpay.merchant.controller.MchPayChannelController.viewInput(java.lang.String,org.springframework.ui.ModelMap)
2019-08-14 19:22:29.697  INFO 12739 --- [main] s.w.s.m.m.a.RequestMappingHandlerMapping : Mapped "{[/mch_withdraw_apply/list]}" onto public java.lang.String org.xxpay.merchant.controller.MchWithdrawApplyController.list(org.xxpay.dal.dao.model.MchWithdrawApply,java.lang.Integer,java.lang.Integer,java.lang.String,java.lang.String) throws java.text.ParseException
2019-08-14 19:22:29.697  INFO 12739 --- [main] s.w.s.m.m.a.RequestMappingHandlerMapping : Mapped "{[/mch_withdraw_apply/save],methods=[POST]}" onto public org.xxpay.common.model.SimpleResult org.xxpay.merchant.controller.MchWithdrawApplyController.save(java.lang.String)
2019-08-14 19:22:29.698  INFO 12739 --- [main] s.w.s.m.m.a.RequestMappingHandlerMapping : Mapped "{[/mch_withdraw_apply/list.html]}" onto public java.lang.String org.xxpay.merchant.controller.MchWithdrawApplyController.listInput(org.springframework.ui.ModelMap)
2019-08-14 19:22:29.698  INFO 12739 --- [main] s.w.s.m.m.a.RequestMappingHandlerMapping : Mapped "{[/mch_withdraw_apply/edit.html]}" onto public java.lang.String org.xxpay.merchant.controller.MchWithdrawApplyController.editInput(java.lang.String,org.springframework.ui.ModelMap)
2019-08-14 19:22:29.698  INFO 12739 --- [main] s.w.s.m.m.a.RequestMappingHandlerMapping : Mapped "{[/mch_withdraw_apply/view.html]}" onto public java.lang.String org.xxpay.merchant.controller.MchWithdrawApplyController.viewInput(java.lang.String,org.springframework.ui.ModelMap)
2019-08-14 19:22:29.700  INFO 12739 --- [main] s.w.s.m.m.a.RequestMappingHandlerMapping : Mapped "{[/pay_order/list]}" onto public java.lang.String org.xxpay.merchant.controller.PayOrderController.list(org.xxpay.dal.dao.model.PayOrder,java.lang.Integer,java.lang.Integer,java.lang.String,java.lang.String) throws java.text.ParseException
2019-08-14 19:22:29.700  INFO 12739 --- [main] s.w.s.m.m.a.RequestMappingHandlerMapping : Mapped "{[/pay_order/renotify]}" onto public java.lang.String org.xxpay.merchant.controller.PayOrderController.renotify(java.lang.String)
2019-08-14 19:22:29.700  INFO 12739 --- [main] s.w.s.m.m.a.RequestMappingHandlerMapping : Mapped "{[/pay_order/list.html]}" onto public java.lang.String org.xxpay.merchant.controller.PayOrderController.listInput(org.springframework.ui.ModelMap)
2019-08-14 19:22:29.701  INFO 12739 --- [main] s.w.s.m.m.a.RequestMappingHandlerMapping : Mapped "{[/pay_order/view.html]}" onto public java.lang.String org.xxpay.merchant.controller.PayOrderController.viewInput(java.lang.String,org.springframework.ui.ModelMap)
2019-08-14 19:22:29.702  INFO 12739 --- [main] s.w.s.m.m.a.RequestMappingHandlerMapping : Mapped "{[/statement/list.html]}" onto public java.lang.String org.xxpay.merchant.controller.StatementController.list(org.springframework.ui.ModelMap)
2019-08-14 19:22:29.702  INFO 12739 --- [main] s.w.s.m.m.a.RequestMappingHandlerMapping : Mapped "{[/statement/list]}" onto public java.lang.String org.xxpay.merchant.controller.StatementController.list(org.xxpay.dal.dao.model.PayOrder,java.lang.Integer,java.lang.Integer,java.lang.String,java.lang.String) throws java.text.ParseException
2019-08-14 19:22:29.708  INFO 12739 --- [main] s.w.s.m.m.a.RequestMappingHandlerMapping : Mapped "{[/error]}" onto public org.springframework.http.ResponseEntity<java.util.Map<java.lang.String, java.lang.Object>> org.springframework.boot.autoconfigure.web.BasicErrorController.error(javax.servlet.http.HttpServletRequest)
2019-08-14 19:22:29.710  INFO 12739 --- [main] s.w.s.m.m.a.RequestMappingHandlerMapping : Mapped "{[/error],produces=[text/html]}" onto public org.springframework.web.servlet.ModelAndView org.springframework.boot.autoconfigure.web.BasicErrorController.errorHtml(javax.servlet.http.HttpServletRequest,javax.servlet.http.HttpServletResponse)
2019-08-14 19:22:29.731  INFO 12739 --- [main] o.s.w.s.handler.SimpleUrlHandlerMapping  : Root mapping to handler of type [class org.springframework.web.servlet.mvc.ParameterizableViewController]
2019-08-14 19:22:29.748  INFO 12739 --- [main] o.s.w.s.handler.SimpleUrlHandlerMapping  : Mapped URL path [/webjars/**] onto handler of type [class org.springframework.web.servlet.resource.ResourceHttpRequestHandler]
2019-08-14 19:22:29.749  INFO 12739 --- [main] o.s.w.s.handler.SimpleUrlHandlerMapping  : Mapped URL path [/**] onto handler of type [class org.springframework.web.servlet.resource.ResourceHttpRequestHandler]
2019-08-14 19:22:30.030  INFO 12739 --- [main] o.s.w.s.v.f.FreeMarkerConfigurer         : ClassTemplateLoader for Spring macros added to FreeMarker configuration
2019-08-14 19:22:30.387  INFO 12739 --- [main] o.s.j.e.a.AnnotationMBeanExporter        : Registering beans for JMX exposure on startup
2019-08-14 19:22:30.388  INFO 12739 --- [main] o.s.j.e.a.AnnotationMBeanExporter        : Bean with name 'dataSource' has been autodetected for JMX exposure
2019-08-14 19:22:30.394  INFO 12739 --- [main] o.s.j.e.a.AnnotationMBeanExporter        : Located MBean 'dataSource': registering with JMX server as MBean [com.alibaba.druid.pool:name=dataSource,type=DruidDataSource]
2019-08-14 19:22:30.480  INFO 12739 --- [main] s.b.c.e.t.TomcatEmbeddedServletContainer : Tomcat started on port(s): 8094 (http)
2019-08-14 19:22:30.492  INFO 12739 --- [main] org.xxpay.XxPayMerchantApplication       : Started XxPayMerchantApplication in 6.631 seconds (JVM running for 7.439)
2019-08-14 19:23:07.998  INFO 12739 --- [http-nio-8094-exec-1] o.a.c.c.C.[Tomcat].[localhost].[/]       : Initializing Spring FrameworkServlet 'dispatcherServlet'
2019-08-14 19:23:07.999  INFO 12739 --- [http-nio-8094-exec-1] o.s.web.servlet.DispatcherServlet        : FrameworkServlet 'dispatcherServlet': initialization started
2019-08-14 19:23:08.013  INFO 12739 --- [http-nio-8094-exec-1] o.s.web.servlet.DispatcherServlet        : FrameworkServlet 'dispatcherServlet': initialization completed in 14 ms
2019-08-14 19:23:20.209  INFO 12739 --- [http-nio-8094-exec-4] o.x.merchant.controller.LoginController  : 代理商户登录失败。账号：10024，信息：用户名或密码错误！
2019-08-14 19:24:20.851  INFO 12739 --- [http-nio-8094-exec-8] o.x.merchant.controller.LoginController  : 代理商户后台登录成功。账号：10024
2019-08-14 20:35:53.458  INFO 12739 --- [http-nio-8094-exec-9] o.x.merchant.controller.LoginController  : 代理商户后台登录成功。账号：10024
2019-08-14 20:39:42.808  INFO 12739 --- [Thread-15] ationConfigEmbeddedWebApplicationContext : Closing org.springframework.boot.context.embedded.AnnotationConfigEmbeddedWebApplicationContext@28cda624: startup date [Wed Aug 14 19:22:24 CST 2019]; root of context hierarchy
2019-08-14 20:39:42.813  INFO 12739 --- [Thread-15] o.s.j.e.a.AnnotationMBeanExporter        : Unregistering JMX-exposed beans on shutdown
2019-08-14 20:39:42.814  INFO 12739 --- [Thread-15] o.s.j.e.a.AnnotationMBeanExporter        : Unregistering JMX-exposed beans
2019-08-14 20:39:42.823  INFO 12739 --- [Thread-15] com.alibaba.druid.pool.DruidDataSource   : {dataSource-1} closed
2019-08-14 20:39:50.178  INFO 13474 --- [main] org.xxpay.XxPayMerchantApplication       : Starting XxPayMerchantApplication on localhost with PID 13474 (/opt/work/xxpay/xxpay-merchant/target/classes started by sunxiangfan in /opt/work/xxpay)
2019-08-14 20:39:50.182  INFO 13474 --- [main] org.xxpay.XxPayMerchantApplication       : No active profile set, falling back to default profiles: default
2019-08-14 20:39:50.257  INFO 13474 --- [main] ationConfigEmbeddedWebApplicationContext : Refreshing org.springframework.boot.context.embedded.AnnotationConfigEmbeddedWebApplicationContext@3932c79a: startup date [Wed Aug 14 20:39:50 CST 2019]; root of context hierarchy
2019-08-14 20:39:52.424  INFO 13474 --- [main] s.b.c.e.t.TomcatEmbeddedServletContainer : Tomcat initialized with port(s): 8094 (http)
2019-08-14 20:39:52.433  INFO 13474 --- [main] o.apache.catalina.core.StandardService   : Starting service [Tomcat]
2019-08-14 20:39:52.434  INFO 13474 --- [main] org.apache.catalina.core.StandardEngine  : Starting Servlet Engine: Apache Tomcat/8.5.16
2019-08-14 20:39:52.524  INFO 13474 --- [localhost-startStop-1] o.a.c.c.C.[Tomcat].[localhost].[/]       : Initializing Spring embedded WebApplicationContext
2019-08-14 20:39:52.525  INFO 13474 --- [localhost-startStop-1] o.s.web.context.ContextLoader            : Root WebApplicationContext: initialization completed in 2268 ms
2019-08-14 20:39:52.631  INFO 13474 --- [localhost-startStop-1] o.s.b.w.servlet.ServletRegistrationBean  : Mapping servlet: 'dispatcherServlet' to [/]
2019-08-14 20:39:52.636  INFO 13474 --- [localhost-startStop-1] o.s.b.w.servlet.FilterRegistrationBean   : Mapping filter: 'characterEncodingFilter' to: [/*]
2019-08-14 20:39:52.636  INFO 13474 --- [localhost-startStop-1] o.s.b.w.servlet.FilterRegistrationBean   : Mapping filter: 'hiddenHttpMethodFilter' to: [/*]
2019-08-14 20:39:52.637  INFO 13474 --- [localhost-startStop-1] o.s.b.w.servlet.FilterRegistrationBean   : Mapping filter: 'httpPutFormContentFilter' to: [/*]
2019-08-14 20:39:52.637  INFO 13474 --- [localhost-startStop-1] o.s.b.w.servlet.FilterRegistrationBean   : Mapping filter: 'requestContextFilter' to: [/*]
2019-08-14 20:39:54.298  INFO 13474 --- [main] com.alibaba.druid.pool.DruidDataSource   : {dataSource-1} inited
2019-08-14 20:39:55.474  INFO 13474 --- [main] s.w.s.m.m.a.RequestMappingHandlerAdapter : Looking for @ControllerAdvice: org.springframework.boot.context.embedded.AnnotationConfigEmbeddedWebApplicationContext@3932c79a: startup date [Wed Aug 14 20:39:50 CST 2019]; root of context hierarchy
2019-08-14 20:39:55.527  INFO 13474 --- [main] s.w.s.m.m.a.RequestMappingHandlerMapping : Mapped "{[/amount_flow/list]}" onto public java.lang.String org.xxpay.merchant.controller.AmountFlowController.list(org.xxpay.dal.dao.model.AmountFlow,java.lang.Integer,java.lang.Integer)
2019-08-14 20:39:55.528  INFO 13474 --- [main] s.w.s.m.m.a.RequestMappingHandlerMapping : Mapped "{[/amount_flow/list.html]}" onto public java.lang.String org.xxpay.merchant.controller.AmountFlowController.listInput(org.springframework.ui.ModelMap)
2019-08-14 20:39:55.529  INFO 13474 --- [main] s.w.s.m.m.a.RequestMappingHandlerMapping : Mapped "{[/deposit_amount/list]}" onto public java.lang.String org.xxpay.merchant.controller.DepositAmountController.list(org.xxpay.dal.dao.model.DepositAmount,java.lang.Integer,java.lang.Integer)
2019-08-14 20:39:55.530  INFO 13474 --- [main] s.w.s.m.m.a.RequestMappingHandlerMapping : Mapped "{[/deposit_amount/list.html]}" onto public java.lang.String org.xxpay.merchant.controller.DepositAmountController.listInput(org.springframework.ui.ModelMap)
2019-08-14 20:39:55.531  INFO 13474 --- [main] s.w.s.m.m.a.RequestMappingHandlerMapping : Mapped "{[/index.html]}" onto public java.lang.String org.xxpay.merchant.controller.IndexController.index(org.springframework.ui.ModelMap)
2019-08-14 20:39:55.531  INFO 13474 --- [main] s.w.s.m.m.a.RequestMappingHandlerMapping : Mapped "{[/main.html]}" onto public java.lang.String org.xxpay.merchant.controller.IndexController.main(org.springframework.ui.ModelMap)
2019-08-14 20:39:55.531  INFO 13474 --- [main] s.w.s.m.m.a.RequestMappingHandlerMapping : Mapped "{[/change_password.html]}" onto public java.lang.String org.xxpay.merchant.controller.IndexController.changePasswordInput()
2019-08-14 20:39:55.531  INFO 13474 --- [main] s.w.s.m.m.a.RequestMappingHandlerMapping : Mapped "{[/change_password]}" onto public org.xxpay.common.model.SimpleResult org.xxpay.merchant.controller.IndexController.changePasswod(java.lang.String,java.lang.String,java.lang.String)
2019-08-14 20:39:55.531  INFO 13474 --- [main] s.w.s.m.m.a.RequestMappingHandlerMapping : Mapped "{[/query_pay_order_statistics]}" onto public java.lang.String org.xxpay.merchant.controller.IndexController.queryPayOrderStatistics()
2019-08-14 20:39:55.532  INFO 13474 --- [main] s.w.s.m.m.a.RequestMappingHandlerMapping : Mapped "{[/login.html]}" onto public java.lang.String org.xxpay.merchant.controller.LoginController.index(org.springframework.ui.ModelMap)
2019-08-14 20:39:55.533  INFO 13474 --- [main] s.w.s.m.m.a.RequestMappingHandlerMapping : Mapped "{[/login],methods=[POST]}" onto public java.lang.String org.xxpay.merchant.controller.LoginController.save(java.lang.String)
2019-08-14 20:39:55.533  INFO 13474 --- [main] s.w.s.m.m.a.RequestMappingHandlerMapping : Mapped "{[/verify.jpg]}" onto public void org.xxpay.merchant.controller.LoginController.vrifyCode(javax.servlet.http.HttpServletRequest,javax.servlet.http.HttpServletResponse) throws java.io.IOException
2019-08-14 20:39:55.538  INFO 13474 --- [main] s.w.s.m.m.a.RequestMappingHandlerMapping : Mapped "{[/mch_bank_card/list]}" onto public java.lang.String org.xxpay.merchant.controller.MchBankCardController.list(org.xxpay.dal.dao.model.MchBankCard,java.lang.Integer,java.lang.Integer)
2019-08-14 20:39:55.538  INFO 13474 --- [main] s.w.s.m.m.a.RequestMappingHandlerMapping : Mapped "{[/mch_bank_card/save],methods=[POST]}" onto public org.xxpay.common.model.SimpleResult org.xxpay.merchant.controller.MchBankCardController.save(java.lang.String)
2019-08-14 20:39:55.539  INFO 13474 --- [main] s.w.s.m.m.a.RequestMappingHandlerMapping : Mapped "{[/mch_bank_card/list.html]}" onto public java.lang.String org.xxpay.merchant.controller.MchBankCardController.listInput(org.springframework.ui.ModelMap)
2019-08-14 20:39:55.540  INFO 13474 --- [main] s.w.s.m.m.a.RequestMappingHandlerMapping : Mapped "{[/mch_bank_card/edit.html]}" onto public java.lang.String org.xxpay.merchant.controller.MchBankCardController.editInput(java.lang.String,org.springframework.ui.ModelMap)
2019-08-14 20:39:55.540  INFO 13474 --- [main] s.w.s.m.m.a.RequestMappingHandlerMapping : Mapped "{[/mch_bank_card/view.html]}" onto public java.lang.String org.xxpay.merchant.controller.MchBankCardController.viewInput(java.lang.String,org.springframework.ui.ModelMap)
2019-08-14 20:39:55.540  INFO 13474 --- [main] s.w.s.m.m.a.RequestMappingHandlerMapping : Mapped "{[/mch_bank_card/del],methods=[POST]}" onto public org.xxpay.common.model.SimpleResult org.xxpay.merchant.controller.MchBankCardController.del(java.lang.String)
2019-08-14 20:39:55.541  INFO 13474 --- [main] s.w.s.m.m.a.RequestMappingHandlerMapping : Mapped "{[/mch_info/index.html]}" onto public java.lang.String org.xxpay.merchant.controller.MchInfoController.indexInput(org.springframework.ui.ModelMap)
2019-08-14 20:39:55.542  INFO 13474 --- [main] s.w.s.m.m.a.RequestMappingHandlerMapping : Mapped "{[/mch_pay_channel/list]}" onto public java.lang.String org.xxpay.merchant.controller.MchPayChannelController.list(org.xxpay.dal.dao.model.MchPayChannel,java.lang.Integer,java.lang.Integer)
2019-08-14 20:39:55.542  INFO 13474 --- [main] s.w.s.m.m.a.RequestMappingHandlerMapping : Mapped "{[/mch_pay_channel/list.html]}" onto public java.lang.String org.xxpay.merchant.controller.MchPayChannelController.listInput(java.lang.String,org.springframework.ui.ModelMap)
2019-08-14 20:39:55.542  INFO 13474 --- [main] s.w.s.m.m.a.RequestMappingHandlerMapping : Mapped "{[/mch_pay_channel/view.html]}" onto public java.lang.String org.xxpay.merchant.controller.MchPayChannelController.viewInput(java.lang.String,org.springframework.ui.ModelMap)
2019-08-14 20:39:55.546  INFO 13474 --- [main] s.w.s.m.m.a.RequestMappingHandlerMapping : Mapped "{[/mch_withdraw_apply/list]}" onto public java.lang.String org.xxpay.merchant.controller.MchWithdrawApplyController.list(org.xxpay.dal.dao.model.MchWithdrawApply,java.lang.Integer,java.lang.Integer,java.lang.String,java.lang.String) throws java.text.ParseException
2019-08-14 20:39:55.546  INFO 13474 --- [main] s.w.s.m.m.a.RequestMappingHandlerMapping : Mapped "{[/mch_withdraw_apply/save],methods=[POST]}" onto public org.xxpay.common.model.SimpleResult org.xxpay.merchant.controller.MchWithdrawApplyController.save(java.lang.String)
2019-08-14 20:39:55.546  INFO 13474 --- [main] s.w.s.m.m.a.RequestMappingHandlerMapping : Mapped "{[/mch_withdraw_apply/list.html]}" onto public java.lang.String org.xxpay.merchant.controller.MchWithdrawApplyController.listInput(org.springframework.ui.ModelMap)
2019-08-14 20:39:55.547  INFO 13474 --- [main] s.w.s.m.m.a.RequestMappingHandlerMapping : Mapped "{[/mch_withdraw_apply/edit.html]}" onto public java.lang.String org.xxpay.merchant.controller.MchWithdrawApplyController.editInput(java.lang.String,org.springframework.ui.ModelMap)
2019-08-14 20:39:55.547  INFO 13474 --- [main] s.w.s.m.m.a.RequestMappingHandlerMapping : Mapped "{[/mch_withdraw_apply/view.html]}" onto public java.lang.String org.xxpay.merchant.controller.MchWithdrawApplyController.viewInput(java.lang.String,org.springframework.ui.ModelMap)
2019-08-14 20:39:55.548  INFO 13474 --- [main] s.w.s.m.m.a.RequestMappingHandlerMapping : Mapped "{[/pay_order/list]}" onto public java.lang.String org.xxpay.merchant.controller.PayOrderController.list(org.xxpay.dal.dao.model.PayOrder,java.lang.Integer,java.lang.Integer,java.lang.String,java.lang.String) throws java.text.ParseException
2019-08-14 20:39:55.548  INFO 13474 --- [main] s.w.s.m.m.a.RequestMappingHandlerMapping : Mapped "{[/pay_order/list.html]}" onto public java.lang.String org.xxpay.merchant.controller.PayOrderController.listInput(org.springframework.ui.ModelMap)
2019-08-14 20:39:55.548  INFO 13474 --- [main] s.w.s.m.m.a.RequestMappingHandlerMapping : Mapped "{[/pay_order/view.html]}" onto public java.lang.String org.xxpay.merchant.controller.PayOrderController.viewInput(java.lang.String,org.springframework.ui.ModelMap)
2019-08-14 20:39:55.548  INFO 13474 --- [main] s.w.s.m.m.a.RequestMappingHandlerMapping : Mapped "{[/pay_order/renotify]}" onto public java.lang.String org.xxpay.merchant.controller.PayOrderController.renotify(java.lang.String)
2019-08-14 20:39:55.549  INFO 13474 --- [main] s.w.s.m.m.a.RequestMappingHandlerMapping : Mapped "{[/statement/list.html]}" onto public java.lang.String org.xxpay.merchant.controller.StatementController.list(org.springframework.ui.ModelMap)
2019-08-14 20:39:55.549  INFO 13474 --- [main] s.w.s.m.m.a.RequestMappingHandlerMapping : Mapped "{[/statement/list]}" onto public java.lang.String org.xxpay.merchant.controller.StatementController.list(org.xxpay.dal.dao.model.PayOrder,java.lang.Integer,java.lang.Integer,java.lang.String,java.lang.String) throws java.text.ParseException
2019-08-14 20:39:55.551  INFO 13474 --- [main] s.w.s.m.m.a.RequestMappingHandlerMapping : Mapped "{[/error]}" onto public org.springframework.http.ResponseEntity<java.util.Map<java.lang.String, java.lang.Object>> org.springframework.boot.autoconfigure.web.BasicErrorController.error(javax.servlet.http.HttpServletRequest)
2019-08-14 20:39:55.551  INFO 13474 --- [main] s.w.s.m.m.a.RequestMappingHandlerMapping : Mapped "{[/error],produces=[text/html]}" onto public org.springframework.web.servlet.ModelAndView org.springframework.boot.autoconfigure.web.BasicErrorController.errorHtml(javax.servlet.http.HttpServletRequest,javax.servlet.http.HttpServletResponse)
2019-08-14 20:39:55.565  INFO 13474 --- [main] o.s.w.s.handler.SimpleUrlHandlerMapping  : Root mapping to handler of type [class org.springframework.web.servlet.mvc.ParameterizableViewController]
2019-08-14 20:39:55.577  INFO 13474 --- [main] o.s.w.s.handler.SimpleUrlHandlerMapping  : Mapped URL path [/webjars/**] onto handler of type [class org.springframework.web.servlet.resource.ResourceHttpRequestHandler]
2019-08-14 20:39:55.577  INFO 13474 --- [main] o.s.w.s.handler.SimpleUrlHandlerMapping  : Mapped URL path [/**] onto handler of type [class org.springframework.web.servlet.resource.ResourceHttpRequestHandler]
2019-08-14 20:39:55.781  INFO 13474 --- [main] o.s.w.s.v.f.FreeMarkerConfigurer         : ClassTemplateLoader for Spring macros added to FreeMarker configuration
2019-08-14 20:39:55.972  INFO 13474 --- [main] o.s.j.e.a.AnnotationMBeanExporter        : Registering beans for JMX exposure on startup
2019-08-14 20:39:55.973  INFO 13474 --- [main] o.s.j.e.a.AnnotationMBeanExporter        : Bean with name 'dataSource' has been autodetected for JMX exposure
2019-08-14 20:39:55.978  INFO 13474 --- [main] o.s.j.e.a.AnnotationMBeanExporter        : Located MBean 'dataSource': registering with JMX server as MBean [com.alibaba.druid.pool:name=dataSource,type=DruidDataSource]
2019-08-14 20:39:56.035  INFO 13474 --- [main] s.b.c.e.t.TomcatEmbeddedServletContainer : Tomcat started on port(s): 8094 (http)
2019-08-14 20:39:56.040  INFO 13474 --- [main] org.xxpay.XxPayMerchantApplication       : Started XxPayMerchantApplication in 6.641 seconds (JVM running for 7.577)
2019-08-14 20:39:58.271  INFO 13474 --- [http-nio-8094-exec-1] o.a.c.c.C.[Tomcat].[localhost].[/]       : Initializing Spring FrameworkServlet 'dispatcherServlet'
2019-08-14 20:39:58.271  INFO 13474 --- [http-nio-8094-exec-1] o.s.web.servlet.DispatcherServlet        : FrameworkServlet 'dispatcherServlet': initialization started
2019-08-14 20:39:58.288  INFO 13474 --- [http-nio-8094-exec-1] o.s.web.servlet.DispatcherServlet        : FrameworkServlet 'dispatcherServlet': initialization completed in 17 ms
2019-08-14 20:40:10.185  INFO 13474 --- [http-nio-8094-exec-5] o.x.merchant.controller.LoginController  : 代理商户后台登录成功。账号：10024
2019-08-14 20:41:54.079  INFO 13474 --- [http-nio-8094-exec-7] o.x.merchant.controller.LoginController  : 代理商户后台登录成功。账号：10024
2019-08-14 20:49:16.809  INFO 13474 --- [Thread-15] ationConfigEmbeddedWebApplicationContext : Closing org.springframework.boot.context.embedded.AnnotationConfigEmbeddedWebApplicationContext@3932c79a: startup date [Wed Aug 14 20:39:50 CST 2019]; root of context hierarchy
2019-08-14 20:49:16.813  INFO 13474 --- [Thread-15] o.s.j.e.a.AnnotationMBeanExporter        : Unregistering JMX-exposed beans on shutdown
2019-08-14 20:49:16.815  INFO 13474 --- [Thread-15] o.s.j.e.a.AnnotationMBeanExporter        : Unregistering JMX-exposed beans
2019-08-14 20:49:16.829  INFO 13474 --- [Thread-15] com.alibaba.druid.pool.DruidDataSource   : {dataSource-1} closed
