2019-07-26 21:16:41.548  INFO 29868 --- [main] org.xxpay.XxPayConfigApplication         : The following profiles are active: native
2019-07-26 21:16:41.560  INFO 29868 --- [main] ationConfigEmbeddedWebApplicationContext : Refreshing org.springframework.boot.context.embedded.AnnotationConfigEmbeddedWebApplicationContext@41c204a0: startup date [Fri Jul 26 21:16:41 CST 2019]; parent: org.springframework.context.annotation.AnnotationConfigApplicationContext@51fadaff
2019-07-26 21:16:42.390  INFO 29868 --- [main] o.s.cloud.context.scope.GenericScope     : BeanFactory id=e1890257-09ce-3310-9023-b63a8250a5eb
2019-07-26 21:16:42.409  INFO 29868 --- [main] f.a.AutowiredAnnotationBeanPostProcessor : JSR-330 'javax.inject.Inject' annotation found and supported for autowiring
2019-07-26 21:16:42.482  INFO 29868 --- [main] trationDelegate$BeanPostProcessorChecker : Bean 'org.springframework.cloud.netflix.metrics.MetricsInterceptorConfiguration$MetricsRestTemplateConfiguration' of type [org.springframework.cloud.netflix.metrics.MetricsInterceptorConfiguration$MetricsRestTemplateConfiguration$$EnhancerBySpringCGLIB$$9bdcdfda] is not eligible for getting processed by all BeanPostProcessors (for example: not eligible for auto-proxying)
2019-07-26 21:16:42.496  INFO 29868 --- [main] trationDelegate$BeanPostProcessorChecker : Bean 'org.springframework.cloud.autoconfigure.ConfigurationPropertiesRebinderAutoConfiguration' of type [org.springframework.cloud.autoconfigure.ConfigurationPropertiesRebinderAutoConfiguration$$EnhancerBySpringCGLIB$$85ca3c96] is not eligible for getting processed by all BeanPostProcessors (for example: not eligible for auto-proxying)
2019-07-26 21:16:42.712  INFO 29868 --- [main] s.b.c.e.t.TomcatEmbeddedServletContainer : Tomcat initialized with port(s): 2020 (http)
2019-07-26 21:16:42.719  INFO 29868 --- [main] o.apache.catalina.core.StandardService   : Starting service [Tomcat]
2019-07-26 21:16:42.719  INFO 29868 --- [main] org.apache.catalina.core.StandardEngine  : Starting Servlet Engine: Apache Tomcat/8.5.16
2019-07-26 21:16:42.805  INFO 29868 --- [localhost-startStop-1] o.a.c.c.C.[Tomcat].[localhost].[/]       : Initializing Spring embedded WebApplicationContext
2019-07-26 21:16:42.805  INFO 29868 --- [localhost-startStop-1] o.s.web.context.ContextLoader            : Root WebApplicationContext: initialization completed in 1245 ms
2019-07-26 21:16:43.042  INFO 29868 --- [localhost-startStop-1] o.s.b.w.servlet.FilterRegistrationBean   : Mapping filter: 'metricsFilter' to: [/*]
2019-07-26 21:16:43.042  INFO 29868 --- [localhost-startStop-1] o.s.b.w.servlet.FilterRegistrationBean   : Mapping filter: 'characterEncodingFilter' to: [/*]
2019-07-26 21:16:43.042  INFO 29868 --- [localhost-startStop-1] o.s.b.w.servlet.FilterRegistrationBean   : Mapping filter: 'hiddenHttpMethodFilter' to: [/*]
2019-07-26 21:16:43.042  INFO 29868 --- [localhost-startStop-1] o.s.b.w.servlet.FilterRegistrationBean   : Mapping filter: 'httpPutFormContentFilter' to: [/*]
2019-07-26 21:16:43.043  INFO 29868 --- [localhost-startStop-1] o.s.b.w.servlet.FilterRegistrationBean   : Mapping filter: 'requestContextFilter' to: [/*]
2019-07-26 21:16:43.043  INFO 29868 --- [localhost-startStop-1] .s.DelegatingFilterProxyRegistrationBean : Mapping filter: 'springSecurityFilterChain' to: [/*]
2019-07-26 21:16:43.043  INFO 29868 --- [localhost-startStop-1] o.s.b.w.servlet.FilterRegistrationBean   : Mapping filter: 'webRequestLoggingFilter' to: [/*]
2019-07-26 21:16:43.044  INFO 29868 --- [localhost-startStop-1] o.s.b.w.servlet.FilterRegistrationBean   : Mapping filter: 'applicationContextIdFilter' to: [/*]
2019-07-26 21:16:43.044  INFO 29868 --- [localhost-startStop-1] o.s.b.w.servlet.ServletRegistrationBean  : Mapping servlet: 'dispatcherServlet' to [/]
2019-07-26 21:16:43.517  WARN 29868 --- [main] c.n.c.sources.URLConfigurationSource     : No URLs will be polled as dynamic configuration sources.
2019-07-26 21:16:43.517  INFO 29868 --- [main] c.n.c.sources.URLConfigurationSource     : To enable URLs as dynamic configuration sources, define System property archaius.configurationSource.additionalUrls or make config.properties available on classpath.
2019-07-26 21:16:43.558  WARN 29868 --- [main] c.n.c.sources.URLConfigurationSource     : No URLs will be polled as dynamic configuration sources.
2019-07-26 21:16:43.559  INFO 29868 --- [main] c.n.c.sources.URLConfigurationSource     : To enable URLs as dynamic configuration sources, define System property archaius.configurationSource.additionalUrls or make config.properties available on classpath.
2019-07-26 21:16:43.990  INFO 29868 --- [main] s.w.s.m.m.a.RequestMappingHandlerAdapter : Looking for @ControllerAdvice: org.springframework.boot.context.embedded.AnnotationConfigEmbeddedWebApplicationContext@41c204a0: startup date [Fri Jul 26 21:16:41 CST 2019]; parent: org.springframework.context.annotation.AnnotationConfigApplicationContext@51fadaff
2019-07-26 21:16:44.117  INFO 29868 --- [main] s.w.s.m.m.a.RequestMappingHandlerMapping : Mapped "{[/error]}" onto public org.springframework.http.ResponseEntity<java.util.Map<java.lang.String, java.lang.Object>> org.springframework.boot.autoconfigure.web.BasicErrorController.error(javax.servlet.http.HttpServletRequest)
2019-07-26 21:16:44.119  INFO 29868 --- [main] s.w.s.m.m.a.RequestMappingHandlerMapping : Mapped "{[/error],produces=[text/html]}" onto public org.springframework.web.servlet.ModelAndView org.springframework.boot.autoconfigure.web.BasicErrorController.errorHtml(javax.servlet.http.HttpServletRequest,javax.servlet.http.HttpServletResponse)
2019-07-26 21:16:44.151  INFO 29868 --- [main] s.w.s.m.m.a.RequestMappingHandlerMapping : Mapped "{[/encrypt],methods=[POST]}" onto public java.lang.String org.springframework.cloud.config.server.encryption.EncryptionController.encrypt(java.lang.String,org.springframework.http.MediaType)
2019-07-26 21:16:44.152  INFO 29868 --- [main] s.w.s.m.m.a.RequestMappingHandlerMapping : Mapped "{[/encrypt/{name}/{profiles}],methods=[POST]}" onto public java.lang.String org.springframework.cloud.config.server.encryption.EncryptionController.encrypt(java.lang.String,java.lang.String,java.lang.String,org.springframework.http.MediaType)
2019-07-26 21:16:44.157  INFO 29868 --- [main] s.w.s.m.m.a.RequestMappingHandlerMapping : Mapped "{[/decrypt/{name}/{profiles}],methods=[POST]}" onto public java.lang.String org.springframework.cloud.config.server.encryption.EncryptionController.decrypt(java.lang.String,java.lang.String,java.lang.String,org.springframework.http.MediaType)
2019-07-26 21:16:44.158  INFO 29868 --- [main] s.w.s.m.m.a.RequestMappingHandlerMapping : Mapped "{[/decrypt],methods=[POST]}" onto public java.lang.String org.springframework.cloud.config.server.encryption.EncryptionController.decrypt(java.lang.String,org.springframework.http.MediaType)
2019-07-26 21:16:44.158  INFO 29868 --- [main] s.w.s.m.m.a.RequestMappingHandlerMapping : Mapped "{[/encrypt/status],methods=[GET]}" onto public java.util.Map<java.lang.String, java.lang.Object> org.springframework.cloud.config.server.encryption.EncryptionController.status()
2019-07-26 21:16:44.159  INFO 29868 --- [main] s.w.s.m.m.a.RequestMappingHandlerMapping : Mapped "{[/key],methods=[GET]}" onto public java.lang.String org.springframework.cloud.config.server.encryption.EncryptionController.getPublicKey()
2019-07-26 21:16:44.159  INFO 29868 --- [main] s.w.s.m.m.a.RequestMappingHandlerMapping : Mapped "{[/key/{name}/{profiles}],methods=[GET]}" onto public java.lang.String org.springframework.cloud.config.server.encryption.EncryptionController.getPublicKey(java.lang.String,java.lang.String)
2019-07-26 21:16:44.173  INFO 29868 --- [main] s.w.s.m.m.a.RequestMappingHandlerMapping : Mapped "{[/{name}/{profiles:.*[^-].*}],methods=[GET]}" onto public org.springframework.cloud.config.environment.Environment org.springframework.cloud.config.server.environment.EnvironmentController.defaultLabel(java.lang.String,java.lang.String)
2019-07-26 21:16:44.173  INFO 29868 --- [main] s.w.s.m.m.a.RequestMappingHandlerMapping : Mapped "{[/{name}-{profiles}.yml || /{name}-{profiles}.yaml],methods=[GET]}" onto public org.springframework.http.ResponseEntity<java.lang.String> org.springframework.cloud.config.server.environment.EnvironmentController.yaml(java.lang.String,java.lang.String,boolean) throws java.lang.Exception
2019-07-26 21:16:44.173  INFO 29868 --- [main] s.w.s.m.m.a.RequestMappingHandlerMapping : Mapped "{[/{name}-{profiles}.properties],methods=[GET]}" onto public org.springframework.http.ResponseEntity<java.lang.String> org.springframework.cloud.config.server.environment.EnvironmentController.properties(java.lang.String,java.lang.String,boolean) throws java.io.IOException
2019-07-26 21:16:44.174  INFO 29868 --- [main] s.w.s.m.m.a.RequestMappingHandlerMapping : Mapped "{[/{name}/{profiles}/{label:.*}],methods=[GET]}" onto public org.springframework.cloud.config.environment.Environment org.springframework.cloud.config.server.environment.EnvironmentController.labelled(java.lang.String,java.lang.String,java.lang.String)
2019-07-26 21:16:44.174  INFO 29868 --- [main] s.w.s.m.m.a.RequestMappingHandlerMapping : Mapped "{[/{label}/{name}-{profiles}.properties],methods=[GET]}" onto public org.springframework.http.ResponseEntity<java.lang.String> org.springframework.cloud.config.server.environment.EnvironmentController.labelledProperties(java.lang.String,java.lang.String,java.lang.String,boolean) throws java.io.IOException
2019-07-26 21:16:44.175  INFO 29868 --- [main] s.w.s.m.m.a.RequestMappingHandlerMapping : Mapped "{[/{name}-{profiles}.json],methods=[GET]}" onto public org.springframework.http.ResponseEntity<java.lang.String> org.springframework.cloud.config.server.environment.EnvironmentController.jsonProperties(java.lang.String,java.lang.String,boolean) throws java.lang.Exception
2019-07-26 21:16:44.175  INFO 29868 --- [main] s.w.s.m.m.a.RequestMappingHandlerMapping : Mapped "{[/{label}/{name}-{profiles}.json],methods=[GET]}" onto public org.springframework.http.ResponseEntity<java.lang.String> org.springframework.cloud.config.server.environment.EnvironmentController.labelledJsonProperties(java.lang.String,java.lang.String,java.lang.String,boolean) throws java.lang.Exception
2019-07-26 21:16:44.176  INFO 29868 --- [main] s.w.s.m.m.a.RequestMappingHandlerMapping : Mapped "{[/{label}/{name}-{profiles}.yml || /{label}/{name}-{profiles}.yaml],methods=[GET]}" onto public org.springframework.http.ResponseEntity<java.lang.String> org.springframework.cloud.config.server.environment.EnvironmentController.labelledYaml(java.lang.String,java.lang.String,java.lang.String,boolean) throws java.lang.Exception
2019-07-26 21:16:44.179  INFO 29868 --- [main] s.w.s.m.m.a.RequestMappingHandlerMapping : Mapped "{[/{name}/{profile}/{label}/**],methods=[GET],produces=[application/octet-stream]}" onto public synchronized byte[] org.springframework.cloud.config.server.resource.ResourceController.binary(java.lang.String,java.lang.String,java.lang.String,javax.servlet.http.HttpServletRequest) throws java.io.IOException
2019-07-26 21:16:44.181  INFO 29868 --- [main] s.w.s.m.m.a.RequestMappingHandlerMapping : Mapped "{[/{name}/{profile}/{label}/**],methods=[GET]}" onto public java.lang.String org.springframework.cloud.config.server.resource.ResourceController.retrieve(java.lang.String,java.lang.String,java.lang.String,javax.servlet.http.HttpServletRequest,boolean) throws java.io.IOException
2019-07-26 21:16:44.290  INFO 29868 --- [main] o.s.w.s.handler.SimpleUrlHandlerMapping  : Mapped URL path [/webjars/**] onto handler of type [class org.springframework.web.servlet.resource.ResourceHttpRequestHandler]
2019-07-26 21:16:44.290  INFO 29868 --- [main] o.s.w.s.handler.SimpleUrlHandlerMapping  : Mapped URL path [/**] onto handler of type [class org.springframework.web.servlet.resource.ResourceHttpRequestHandler]
2019-07-26 21:16:44.347  INFO 29868 --- [main] o.s.w.s.handler.SimpleUrlHandlerMapping  : Mapped URL path [/**/favicon.ico] onto handler of type [class org.springframework.web.servlet.resource.ResourceHttpRequestHandler]
2019-07-26 21:16:45.082  INFO 29868 --- [main] o.s.s.web.DefaultSecurityFilterChain     : Creating filter chain: OrRequestMatcher [requestMatchers=[Ant [pattern='/css/**'], Ant [pattern='/js/**'], Ant [pattern='/images/**'], Ant [pattern='/webjars/**'], Ant [pattern='/**/favicon.ico'], Ant [pattern='/error']]], []
2019-07-26 21:16:45.808  INFO 29868 --- [main] o.s.b.a.e.mvc.EndpointHandlerMapping     : Mapped "{[/metrics/{name:.*}],methods=[GET],produces=[application/vnd.spring-boot.actuator.v1+json || application/json]}" onto public java.lang.Object org.springframework.boot.actuate.endpoint.mvc.MetricsMvcEndpoint.value(java.lang.String)
2019-07-26 21:16:45.808  INFO 29868 --- [main] o.s.b.a.e.mvc.EndpointHandlerMapping     : Mapped "{[/metrics || /metrics.json],methods=[GET],produces=[application/vnd.spring-boot.actuator.v1+json || application/json]}" onto public java.lang.Object org.springframework.boot.actuate.endpoint.mvc.EndpointMvcAdapter.invoke()
2019-07-26 21:16:45.811  INFO 29868 --- [main] o.s.b.a.e.mvc.EndpointHandlerMapping     : Mapped "{[/configprops || /configprops.json],methods=[GET],produces=[application/vnd.spring-boot.actuator.v1+json || application/json]}" onto public java.lang.Object org.springframework.boot.actuate.endpoint.mvc.EndpointMvcAdapter.invoke()
2019-07-26 21:16:45.816  INFO 29868 --- [main] o.s.b.a.e.mvc.EndpointHandlerMapping     : Mapped "{[/env/{name:.*}],methods=[GET],produces=[application/vnd.spring-boot.actuator.v1+json || application/json]}" onto public java.lang.Object org.springframework.boot.actuate.endpoint.mvc.EnvironmentMvcEndpoint.value(java.lang.String)
2019-07-26 21:16:45.819  INFO 29868 --- [main] o.s.b.a.e.mvc.EndpointHandlerMapping     : Mapped "{[/env || /env.json],methods=[GET],produces=[application/vnd.spring-boot.actuator.v1+json || application/json]}" onto public java.lang.Object org.springframework.boot.actuate.endpoint.mvc.EndpointMvcAdapter.invoke()
2019-07-26 21:16:45.820  INFO 29868 --- [main] o.s.b.a.e.mvc.EndpointHandlerMapping     : Mapped "{[/heapdump || /heapdump.json],methods=[GET],produces=[application/octet-stream]}" onto public void org.springframework.boot.actuate.endpoint.mvc.HeapdumpMvcEndpoint.invoke(boolean,javax.servlet.http.HttpServletRequest,javax.servlet.http.HttpServletResponse) throws java.io.IOException,javax.servlet.ServletException
2019-07-26 21:16:45.821  INFO 29868 --- [main] o.s.b.a.e.mvc.EndpointHandlerMapping     : Mapped "{[/info || /info.json],methods=[GET],produces=[application/vnd.spring-boot.actuator.v1+json || application/json]}" onto public java.lang.Object org.springframework.boot.actuate.endpoint.mvc.EndpointMvcAdapter.invoke()
2019-07-26 21:16:45.822  INFO 29868 --- [main] o.s.b.a.e.mvc.EndpointHandlerMapping     : Mapped "{[/mappings || /mappings.json],methods=[GET],produces=[application/vnd.spring-boot.actuator.v1+json || application/json]}" onto public java.lang.Object org.springframework.boot.actuate.endpoint.mvc.EndpointMvcAdapter.invoke()
2019-07-26 21:16:45.824  INFO 29868 --- [main] o.s.b.a.e.mvc.EndpointHandlerMapping     : Mapped "{[/autoconfig || /autoconfig.json],methods=[GET],produces=[application/vnd.spring-boot.actuator.v1+json || application/json]}" onto public java.lang.Object org.springframework.boot.actuate.endpoint.mvc.EndpointMvcAdapter.invoke()
2019-07-26 21:16:45.826  INFO 29868 --- [main] o.s.b.a.e.mvc.EndpointHandlerMapping     : Mapped "{[/archaius || /archaius.json],methods=[GET],produces=[application/vnd.spring-boot.actuator.v1+json || application/json]}" onto public java.lang.Object org.springframework.boot.actuate.endpoint.mvc.EndpointMvcAdapter.invoke()
2019-07-26 21:16:45.828  INFO 29868 --- [main] o.s.b.a.e.mvc.EndpointHandlerMapping     : Mapped "{[/health || /health.json],methods=[GET],produces=[application/vnd.spring-boot.actuator.v1+json || application/json]}" onto public java.lang.Object org.springframework.boot.actuate.endpoint.mvc.HealthMvcEndpoint.invoke(javax.servlet.http.HttpServletRequest,java.security.Principal)
2019-07-26 21:16:45.830  INFO 29868 --- [main] o.s.b.a.e.mvc.EndpointHandlerMapping     : Mapped "{[/loggers/{name:.*}],methods=[GET],produces=[application/vnd.spring-boot.actuator.v1+json || application/json]}" onto public java.lang.Object org.springframework.boot.actuate.endpoint.mvc.LoggersMvcEndpoint.get(java.lang.String)
2019-07-26 21:16:45.830  INFO 29868 --- [main] o.s.b.a.e.mvc.EndpointHandlerMapping     : Mapped "{[/loggers/{name:.*}],methods=[POST],consumes=[application/vnd.spring-boot.actuator.v1+json || application/json],produces=[application/vnd.spring-boot.actuator.v1+json || application/json]}" onto public java.lang.Object org.springframework.boot.actuate.endpoint.mvc.LoggersMvcEndpoint.set(java.lang.String,java.util.Map<java.lang.String, java.lang.String>)
2019-07-26 21:16:45.831  INFO 29868 --- [main] o.s.b.a.e.mvc.EndpointHandlerMapping     : Mapped "{[/loggers || /loggers.json],methods=[GET],produces=[application/vnd.spring-boot.actuator.v1+json || application/json]}" onto public java.lang.Object org.springframework.boot.actuate.endpoint.mvc.EndpointMvcAdapter.invoke()
2019-07-26 21:16:45.832  INFO 29868 --- [main] o.s.b.a.e.mvc.EndpointHandlerMapping     : Mapped "{[/env],methods=[POST]}" onto public java.lang.Object org.springframework.cloud.context.environment.EnvironmentManagerMvcEndpoint.value(java.util.Map<java.lang.String, java.lang.String>)
2019-07-26 21:16:45.833  INFO 29868 --- [main] o.s.b.a.e.mvc.EndpointHandlerMapping     : Mapped "{[/env/reset],methods=[POST]}" onto public java.util.Map<java.lang.String, java.lang.Object> org.springframework.cloud.context.environment.EnvironmentManagerMvcEndpoint.reset()
2019-07-26 21:16:45.834  INFO 29868 --- [main] o.s.b.a.e.mvc.EndpointHandlerMapping     : Mapped "{[/refresh || /refresh.json],methods=[POST]}" onto public java.lang.Object org.springframework.cloud.endpoint.GenericPostableMvcEndpoint.invoke()
2019-07-26 21:16:45.835  INFO 29868 --- [main] o.s.b.a.e.mvc.EndpointHandlerMapping     : Mapped "{[/service-registry/instance-status],methods=[GET]}" onto public org.springframework.http.ResponseEntity org.springframework.cloud.client.serviceregistry.endpoint.ServiceRegistryEndpoint.getStatus()
2019-07-26 21:16:45.836  INFO 29868 --- [main] o.s.b.a.e.mvc.EndpointHandlerMapping     : Mapped "{[/service-registry/instance-status],methods=[POST]}" onto public org.springframework.http.ResponseEntity<?> org.springframework.cloud.client.serviceregistry.endpoint.ServiceRegistryEndpoint.setStatus(java.lang.String)
2019-07-26 21:16:45.837  INFO 29868 --- [main] o.s.b.a.e.mvc.EndpointHandlerMapping     : Mapped "{[/trace || /trace.json],methods=[GET],produces=[application/vnd.spring-boot.actuator.v1+json || application/json]}" onto public java.lang.Object org.springframework.boot.actuate.endpoint.mvc.EndpointMvcAdapter.invoke()
2019-07-26 21:16:45.838  INFO 29868 --- [main] o.s.b.a.e.mvc.EndpointHandlerMapping     : Mapped "{[/beans || /beans.json],methods=[GET],produces=[application/vnd.spring-boot.actuator.v1+json || application/json]}" onto public java.lang.Object org.springframework.boot.actuate.endpoint.mvc.EndpointMvcAdapter.invoke()
2019-07-26 21:16:45.839  INFO 29868 --- [main] o.s.b.a.e.mvc.EndpointHandlerMapping     : Mapped "{[/features || /features.json],methods=[GET],produces=[application/vnd.spring-boot.actuator.v1+json || application/json]}" onto public java.lang.Object org.springframework.boot.actuate.endpoint.mvc.EndpointMvcAdapter.invoke()
2019-07-26 21:16:45.840  INFO 29868 --- [main] o.s.b.a.e.mvc.EndpointHandlerMapping     : Mapped "{[/dump || /dump.json],methods=[GET],produces=[application/vnd.spring-boot.actuator.v1+json || application/json]}" onto public java.lang.Object org.springframework.boot.actuate.endpoint.mvc.EndpointMvcAdapter.invoke()
2019-07-26 21:16:45.843  INFO 29868 --- [main] o.s.b.a.e.mvc.EndpointHandlerMapping     : Mapped "{[/logfile || /logfile.json],methods=[GET || HEAD]}" onto public void org.springframework.boot.actuate.endpoint.mvc.LogFileMvcEndpoint.invoke(javax.servlet.http.HttpServletRequest,javax.servlet.http.HttpServletResponse) throws javax.servlet.ServletException,java.io.IOException
2019-07-26 21:16:45.844  INFO 29868 --- [main] o.s.b.a.e.mvc.EndpointHandlerMapping     : Mapped "{[/resume || /resume.json],methods=[POST]}" onto public java.lang.Object org.springframework.cloud.endpoint.GenericPostableMvcEndpoint.invoke()
2019-07-26 21:16:45.845  INFO 29868 --- [main] o.s.b.a.e.mvc.EndpointHandlerMapping     : Mapped "{[/pause || /pause.json],methods=[POST]}" onto public java.lang.Object org.springframework.cloud.endpoint.GenericPostableMvcEndpoint.invoke()
2019-07-26 21:16:45.847  INFO 29868 --- [main] o.s.b.a.e.mvc.EndpointHandlerMapping     : Mapped "{[/auditevents || /auditevents.json],methods=[GET],produces=[application/vnd.spring-boot.actuator.v1+json || application/json]}" onto public org.springframework.http.ResponseEntity<?> org.springframework.boot.actuate.endpoint.mvc.AuditEventsMvcEndpoint.findByPrincipalAndAfterAndType(java.lang.String,java.util.Date,java.lang.String)
2019-07-26 21:16:45.847  INFO 29868 --- [main] o.s.b.a.e.mvc.EndpointHandlerMapping     : Mapped "{[/restart || /restart.json],methods=[POST]}" onto public java.lang.Object org.springframework.cloud.context.restart.RestartMvcEndpoint.invoke()
2019-07-26 21:16:45.849  INFO 29868 --- [main] o.s.s.web.DefaultSecurityFilterChain     : Creating filter chain: org.springframework.boot.actuate.autoconfigure.ManagementWebSecurityAutoConfiguration$LazyEndpointPathRequestMatcher@631944d4, [org.springframework.security.web.context.request.async.WebAsyncManagerIntegrationFilter@3d132bb6, org.springframework.security.web.context.SecurityContextPersistenceFilter@6003220a, org.springframework.security.web.header.HeaderWriterFilter@45b96e4c, org.springframework.web.filter.CorsFilter@60ae7cf2, org.springframework.security.web.authentication.logout.LogoutFilter@57416e49, org.springframework.security.web.authentication.www.BasicAuthenticationFilter@78545d40, org.springframework.security.web.savedrequest.RequestCacheAwareFilter@1584c019, org.springframework.security.web.servletapi.SecurityContextHolderAwareRequestFilter@3ad847f8, org.springframework.security.web.authentication.AnonymousAuthenticationFilter@225e09f0, org.springframework.security.web.session.SessionManagementFilter@53ba1175, org.springframework.security.web.access.ExceptionTranslationFilter@192b472d, org.springframework.security.web.access.intercept.FilterSecurityInterceptor@78128dd0]
2019-07-26 21:16:45.854  INFO 29868 --- [main] o.s.s.web.DefaultSecurityFilterChain     : Creating filter chain: OrRequestMatcher [requestMatchers=[Ant [pattern='/**']]], [org.springframework.security.web.context.request.async.WebAsyncManagerIntegrationFilter@7bce9ce4, org.springframework.security.web.context.SecurityContextPersistenceFilter@334b392d, org.springframework.security.web.header.HeaderWriterFilter@5273143e, org.springframework.security.web.authentication.logout.LogoutFilter@56478522, org.springframework.security.web.authentication.www.BasicAuthenticationFilter@3caf5c96, org.springframework.security.web.savedrequest.RequestCacheAwareFilter@59f7c106, org.springframework.security.web.servletapi.SecurityContextHolderAwareRequestFilter@136fece2, org.springframework.security.web.authentication.AnonymousAuthenticationFilter@1d2046bb, org.springframework.security.web.session.SessionManagementFilter@279c4e3b, org.springframework.security.web.access.ExceptionTranslationFilter@6591f8ea, org.springframework.security.web.access.intercept.FilterSecurityInterceptor@37806be6]
2019-07-26 21:16:46.940  INFO 29868 --- [main] o.s.j.e.a.AnnotationMBeanExporter        : Registering beans for JMX exposure on startup
2019-07-26 21:16:46.950  INFO 29868 --- [main] o.s.j.e.a.AnnotationMBeanExporter        : Bean with name 'environmentManager' has been autodetected for JMX exposure
2019-07-26 21:16:46.955  INFO 29868 --- [main] o.s.j.e.a.AnnotationMBeanExporter        : Bean with name 'configurationPropertiesRebinder' has been autodetected for JMX exposure
2019-07-26 21:16:46.956  INFO 29868 --- [main] o.s.j.e.a.AnnotationMBeanExporter        : Bean with name 'refreshEndpoint' has been autodetected for JMX exposure
2019-07-26 21:16:46.956  INFO 29868 --- [main] o.s.j.e.a.AnnotationMBeanExporter        : Bean with name 'restartEndpoint' has been autodetected for JMX exposure
2019-07-26 21:16:46.957  INFO 29868 --- [main] o.s.j.e.a.AnnotationMBeanExporter        : Bean with name 'serviceRegistryEndpoint' has been autodetected for JMX exposure
2019-07-26 21:16:46.959  INFO 29868 --- [main] o.s.j.e.a.AnnotationMBeanExporter        : Bean with name 'refreshScope' has been autodetected for JMX exposure
2019-07-26 21:16:46.961  INFO 29868 --- [main] o.s.j.e.a.AnnotationMBeanExporter        : Located managed bean 'environmentManager': registering with JMX server as MBean [org.springframework.cloud.context.environment:name=environmentManager,type=EnvironmentManager]
2019-07-26 21:16:46.977  INFO 29868 --- [main] o.s.j.e.a.AnnotationMBeanExporter        : Located managed bean 'restartEndpoint': registering with JMX server as MBean [org.springframework.cloud.context.restart:name=restartEndpoint,type=RestartEndpoint]
2019-07-26 21:16:47.009  INFO 29868 --- [main] o.s.j.e.a.AnnotationMBeanExporter        : Located managed bean 'serviceRegistryEndpoint': registering with JMX server as MBean [org.springframework.cloud.client.serviceregistry.endpoint:name=serviceRegistryEndpoint,type=ServiceRegistryEndpoint]
2019-07-26 21:16:47.025  INFO 29868 --- [main] o.s.j.e.a.AnnotationMBeanExporter        : Located managed bean 'refreshScope': registering with JMX server as MBean [org.springframework.cloud.context.scope.refresh:name=refreshScope,type=RefreshScope]
2019-07-26 21:16:47.041  INFO 29868 --- [main] o.s.j.e.a.AnnotationMBeanExporter        : Located managed bean 'configurationPropertiesRebinder': registering with JMX server as MBean [org.springframework.cloud.context.properties:name=configurationPropertiesRebinder,context=41c204a0,type=ConfigurationPropertiesRebinder]
2019-07-26 21:16:47.064  INFO 29868 --- [main] o.s.j.e.a.AnnotationMBeanExporter        : Located managed bean 'refreshEndpoint': registering with JMX server as MBean [org.springframework.cloud.endpoint:name=refreshEndpoint,type=RefreshEndpoint]
2019-07-26 21:16:47.413  INFO 29868 --- [main] o.s.c.support.DefaultLifecycleProcessor  : Starting beans in phase 0
2019-07-26 21:16:47.422  INFO 29868 --- [main] o.s.c.n.eureka.InstanceInfoFactory       : Setting initial instance status as: STARTING
2019-07-26 21:16:47.464  INFO 29868 --- [main] com.netflix.discovery.DiscoveryClient    : Initializing Eureka in region us-east-1
2019-07-26 21:16:47.840  INFO 29868 --- [main] c.n.d.provider.DiscoveryJerseyProvider   : Using JSON encoding codec LegacyJacksonJson
2019-07-26 21:16:47.841  INFO 29868 --- [main] c.n.d.provider.DiscoveryJerseyProvider   : Using JSON decoding codec LegacyJacksonJson
2019-07-26 21:16:48.019  INFO 29868 --- [main] c.n.d.provider.DiscoveryJerseyProvider   : Using XML encoding codec XStreamXml
2019-07-26 21:16:48.019  INFO 29868 --- [main] c.n.d.provider.DiscoveryJerseyProvider   : Using XML decoding codec XStreamXml
2019-07-26 21:16:48.886  INFO 29868 --- [main] c.n.d.s.r.aws.ConfigClusterResolver      : Resolving eureka endpoints via configuration
2019-07-26 21:16:48.931  INFO 29868 --- [main] com.netflix.discovery.DiscoveryClient    : Disable delta property : false
2019-07-26 21:16:48.932  INFO 29868 --- [main] com.netflix.discovery.DiscoveryClient    : Single vip registry refresh property : null
2019-07-26 21:16:48.932  INFO 29868 --- [main] com.netflix.discovery.DiscoveryClient    : Force full registry fetch : false
2019-07-26 21:16:48.932  INFO 29868 --- [main] com.netflix.discovery.DiscoveryClient    : Application is null : false
2019-07-26 21:16:48.932  INFO 29868 --- [main] com.netflix.discovery.DiscoveryClient    : Registered Applications size is zero : true
2019-07-26 21:16:48.932  INFO 29868 --- [main] com.netflix.discovery.DiscoveryClient    : Application version is -1: true
2019-07-26 21:16:48.932  INFO 29868 --- [main] com.netflix.discovery.DiscoveryClient    : Getting all instance registry info from the eureka server
2019-07-26 21:16:49.515  INFO 29868 --- [main] com.netflix.discovery.DiscoveryClient    : The response status is 200
2019-07-26 21:16:49.517  INFO 29868 --- [main] com.netflix.discovery.DiscoveryClient    : Starting heartbeat executor: renew interval is: 30
2019-07-26 21:16:49.520  INFO 29868 --- [main] c.n.discovery.InstanceInfoReplicator     : InstanceInfoReplicator onDemand update allowed rate per min is 4
2019-07-26 21:16:49.525  INFO 29868 --- [main] com.netflix.discovery.DiscoveryClient    : Discovery Client initialized at timestamp 1564147009524 with initial instances count: 0
2019-07-26 21:16:49.549  INFO 29868 --- [main] o.s.c.n.e.s.EurekaServiceRegistry        : Registering application xxpay-config with eureka with status UP
2019-07-26 21:16:49.550  INFO 29868 --- [main] com.netflix.discovery.DiscoveryClient    : Saw local status change event StatusChangeEvent [timestamp=1564147009550, current=UP, previous=STARTING]
2019-07-26 21:16:49.553  INFO 29868 --- [DiscoveryClient-InstanceInfoReplicator-0] com.netflix.discovery.DiscoveryClient    : DiscoveryClient_XXPAY-CONFIG/10.145.20.158:xxpay-config:2020: registering service...
2019-07-26 21:16:49.727  INFO 29868 --- [DiscoveryClient-InstanceInfoReplicator-0] com.netflix.discovery.DiscoveryClient    : DiscoveryClient_XXPAY-CONFIG/10.145.20.158:xxpay-config:2020 - registration status: 204
2019-07-26 21:16:49.831  INFO 29868 --- [main] s.b.c.e.t.TomcatEmbeddedServletContainer : Tomcat started on port(s): 2020 (http)
2019-07-26 21:16:49.833  INFO 29868 --- [main] .s.c.n.e.s.EurekaAutoServiceRegistration : Updating port to 2020
2019-07-26 21:16:49.846  INFO 29868 --- [main] org.xxpay.XxPayConfigApplication         : Started XxPayConfigApplication in 11.028 seconds (JVM running for 12.755)
2019-07-26 21:16:50.953  INFO 29868 --- [RMI TCP Connection(7)-127.0.0.1] s.c.a.AnnotationConfigApplicationContext : Refreshing org.springframework.context.annotation.AnnotationConfigApplicationContext@3280222e: startup date [Fri Jul 26 21:16:50 CST 2019]; root of context hierarchy
2019-07-26 21:16:50.986  INFO 29868 --- [RMI TCP Connection(7)-127.0.0.1] f.a.AutowiredAnnotationBeanPostProcessor : JSR-330 'javax.inject.Inject' annotation found and supported for autowiring
2019-07-26 21:16:51.107  INFO 29868 --- [RMI TCP Connection(7)-127.0.0.1] o.s.c.c.s.e.NativeEnvironmentRepository  : Adding property source: classpath:/shared/application.yml
2019-07-26 21:16:51.107  INFO 29868 --- [RMI TCP Connection(7)-127.0.0.1] s.c.a.AnnotationConfigApplicationContext : Closing org.springframework.context.annotation.AnnotationConfigApplicationContext@3280222e: startup date [Fri Jul 26 21:16:50 CST 2019]; root of context hierarchy
2019-07-26 21:17:16.710  INFO 29868 --- [http-nio-2020-exec-1] o.a.c.c.C.[Tomcat].[localhost].[/]       : Initializing Spring FrameworkServlet 'dispatcherServlet'
2019-07-26 21:17:16.710  INFO 29868 --- [http-nio-2020-exec-1] o.s.web.servlet.DispatcherServlet        : FrameworkServlet 'dispatcherServlet': initialization started
2019-07-26 21:17:16.724  INFO 29868 --- [http-nio-2020-exec-1] o.s.web.servlet.DispatcherServlet        : FrameworkServlet 'dispatcherServlet': initialization completed in 14 ms
2019-07-26 21:17:16.848  INFO 29868 --- [http-nio-2020-exec-1] s.c.a.AnnotationConfigApplicationContext : Refreshing org.springframework.context.annotation.AnnotationConfigApplicationContext@50788b50: startup date [Fri Jul 26 21:17:16 CST 2019]; root of context hierarchy
2019-07-26 21:17:16.865  INFO 29868 --- [http-nio-2020-exec-1] f.a.AutowiredAnnotationBeanPostProcessor : JSR-330 'javax.inject.Inject' annotation found and supported for autowiring
2019-07-26 21:17:16.906  INFO 29868 --- [http-nio-2020-exec-1] o.s.c.c.s.e.NativeEnvironmentRepository  : Adding property source: classpath:/shared/xxpay-web.yml
2019-07-26 21:17:16.906  INFO 29868 --- [http-nio-2020-exec-1] o.s.c.c.s.e.NativeEnvironmentRepository  : Adding property source: classpath:/shared/application.yml
2019-07-26 21:17:16.907  INFO 29868 --- [http-nio-2020-exec-1] s.c.a.AnnotationConfigApplicationContext : Closing org.springframework.context.annotation.AnnotationConfigApplicationContext@50788b50: startup date [Fri Jul 26 21:17:16 CST 2019]; root of context hierarchy
2019-07-26 21:17:19.522  INFO 29868 --- [DiscoveryClient-CacheRefreshExecutor-0] com.netflix.discovery.DiscoveryClient    : Disable delta property : false
2019-07-26 21:17:19.523  INFO 29868 --- [DiscoveryClient-CacheRefreshExecutor-0] com.netflix.discovery.DiscoveryClient    : Single vip registry refresh property : null
2019-07-26 21:17:19.523  INFO 29868 --- [DiscoveryClient-CacheRefreshExecutor-0] com.netflix.discovery.DiscoveryClient    : Force full registry fetch : false
2019-07-26 21:17:19.523  INFO 29868 --- [DiscoveryClient-CacheRefreshExecutor-0] com.netflix.discovery.DiscoveryClient    : Application is null : false
2019-07-26 21:17:19.523  INFO 29868 --- [DiscoveryClient-CacheRefreshExecutor-0] com.netflix.discovery.DiscoveryClient    : Registered Applications size is zero : true
2019-07-26 21:17:19.523  INFO 29868 --- [DiscoveryClient-CacheRefreshExecutor-0] com.netflix.discovery.DiscoveryClient    : Application version is -1: false
2019-07-26 21:17:19.523  INFO 29868 --- [DiscoveryClient-CacheRefreshExecutor-0] com.netflix.discovery.DiscoveryClient    : Getting all instance registry info from the eureka server
2019-07-26 21:17:19.549  INFO 29868 --- [DiscoveryClient-CacheRefreshExecutor-0] com.netflix.discovery.DiscoveryClient    : The response status is 200
2019-07-26 21:18:58.432  INFO 29868 --- [http-nio-2020-exec-3] s.c.a.AnnotationConfigApplicationContext : Refreshing org.springframework.context.annotation.AnnotationConfigApplicationContext@6d27e01c: startup date [Fri Jul 26 21:18:58 CST 2019]; root of context hierarchy
2019-07-26 21:18:58.438  INFO 29868 --- [http-nio-2020-exec-3] f.a.AutowiredAnnotationBeanPostProcessor : JSR-330 'javax.inject.Inject' annotation found and supported for autowiring
2019-07-26 21:18:58.450  INFO 29868 --- [http-nio-2020-exec-3] o.s.c.c.s.e.NativeEnvironmentRepository  : Adding property source: classpath:/shared/xxpay-service-home.properties
2019-07-26 21:18:58.451  INFO 29868 --- [http-nio-2020-exec-3] o.s.c.c.s.e.NativeEnvironmentRepository  : Adding property source: classpath:/shared/xxpay-service.yml
2019-07-26 21:18:58.451  INFO 29868 --- [http-nio-2020-exec-3] o.s.c.c.s.e.NativeEnvironmentRepository  : Adding property source: classpath:/shared/application.yml
2019-07-26 21:18:58.451  INFO 29868 --- [http-nio-2020-exec-3] s.c.a.AnnotationConfigApplicationContext : Closing org.springframework.context.annotation.AnnotationConfigApplicationContext@6d27e01c: startup date [Fri Jul 26 21:18:58 CST 2019]; root of context hierarchy
2019-07-26 21:21:48.953  INFO 29868 --- [AsyncResolver-bootstrap-executor-0] c.n.d.s.r.aws.ConfigClusterResolver      : Resolving eureka endpoints via configuration
2019-07-26 21:26:48.964  INFO 29868 --- [AsyncResolver-bootstrap-executor-0] c.n.d.s.r.aws.ConfigClusterResolver      : Resolving eureka endpoints via configuration
2019-07-26 21:31:48.970  INFO 29868 --- [AsyncResolver-bootstrap-executor-0] c.n.d.s.r.aws.ConfigClusterResolver      : Resolving eureka endpoints via configuration
2019-07-26 21:36:48.977  INFO 29868 --- [AsyncResolver-bootstrap-executor-0] c.n.d.s.r.aws.ConfigClusterResolver      : Resolving eureka endpoints via configuration
2019-07-26 21:41:48.987  INFO 29868 --- [AsyncResolver-bootstrap-executor-0] c.n.d.s.r.aws.ConfigClusterResolver      : Resolving eureka endpoints via configuration
2019-07-26 21:46:48.996  INFO 29868 --- [AsyncResolver-bootstrap-executor-0] c.n.d.s.r.aws.ConfigClusterResolver      : Resolving eureka endpoints via configuration
2019-07-26 21:51:49.006  INFO 29868 --- [AsyncResolver-bootstrap-executor-0] c.n.d.s.r.aws.ConfigClusterResolver      : Resolving eureka endpoints via configuration
2019-07-26 21:56:49.012  INFO 29868 --- [AsyncResolver-bootstrap-executor-0] c.n.d.s.r.aws.ConfigClusterResolver      : Resolving eureka endpoints via configuration
2019-07-26 22:01:49.018  INFO 29868 --- [AsyncResolver-bootstrap-executor-0] c.n.d.s.r.aws.ConfigClusterResolver      : Resolving eureka endpoints via configuration
2019-07-27 00:26:15.631  INFO 29868 --- [AsyncResolver-bootstrap-executor-0] c.n.d.s.r.aws.ConfigClusterResolver      : Resolving eureka endpoints via configuration
2019-07-27 01:29:45.542  INFO 29868 --- [DiscoveryClient-HeartbeatExecutor-0] com.netflix.discovery.DiscoveryClient    : DiscoveryClient_XXPAY-CONFIG/10.145.20.158:xxpay-config:2020 - Re-registering apps/XXPAY-CONFIG
2019-07-27 01:29:45.545  INFO 29868 --- [DiscoveryClient-HeartbeatExecutor-0] com.netflix.discovery.DiscoveryClient    : DiscoveryClient_XXPAY-CONFIG/10.145.20.158:xxpay-config:2020: registering service...
2019-07-27 01:29:45.583  INFO 29868 --- [DiscoveryClient-HeartbeatExecutor-0] com.netflix.discovery.DiscoveryClient    : DiscoveryClient_XXPAY-CONFIG/10.145.20.158:xxpay-config:2020 - registration status: 204
2019-07-27 01:45:45.007  INFO 29868 --- [DiscoveryClient-HeartbeatExecutor-0] com.netflix.discovery.DiscoveryClient    : DiscoveryClient_XXPAY-CONFIG/10.145.20.158:xxpay-config:2020 - Re-registering apps/XXPAY-CONFIG
2019-07-27 01:45:45.008  INFO 29868 --- [DiscoveryClient-HeartbeatExecutor-0] com.netflix.discovery.DiscoveryClient    : DiscoveryClient_XXPAY-CONFIG/10.145.20.158:xxpay-config:2020: registering service...
2019-07-27 01:45:45.012  INFO 29868 --- [DiscoveryClient-HeartbeatExecutor-0] com.netflix.discovery.DiscoveryClient    : DiscoveryClient_XXPAY-CONFIG/10.145.20.158:xxpay-config:2020 - registration status: 204
2019-07-27 02:01:12.845  INFO 29868 --- [AsyncResolver-bootstrap-executor-0] c.n.d.s.r.aws.ConfigClusterResolver      : Resolving eureka endpoints via configuration
2019-07-27 03:21:09.534  INFO 29868 --- [AsyncResolver-bootstrap-executor-0] c.n.d.s.r.aws.ConfigClusterResolver      : Resolving eureka endpoints via configuration
2019-07-27 04:24:39.887  INFO 29868 --- [DiscoveryClient-HeartbeatExecutor-0] com.netflix.discovery.DiscoveryClient    : DiscoveryClient_XXPAY-CONFIG/10.145.20.158:xxpay-config:2020 - Re-registering apps/XXPAY-CONFIG
2019-07-27 04:24:39.889  INFO 29868 --- [DiscoveryClient-HeartbeatExecutor-0] com.netflix.discovery.DiscoveryClient    : DiscoveryClient_XXPAY-CONFIG/10.145.20.158:xxpay-config:2020: registering service...
2019-07-27 04:24:39.894  INFO 29868 --- [DiscoveryClient-HeartbeatExecutor-0] com.netflix.discovery.DiscoveryClient    : DiscoveryClient_XXPAY-CONFIG/10.145.20.158:xxpay-config:2020 - registration status: 204
2019-07-27 04:56:07.502  INFO 29868 --- [AsyncResolver-bootstrap-executor-0] c.n.d.s.r.aws.ConfigClusterResolver      : Resolving eureka endpoints via configuration
2019-07-27 06:16:05.078  INFO 29868 --- [AsyncResolver-bootstrap-executor-0] c.n.d.s.r.aws.ConfigClusterResolver      : Resolving eureka endpoints via configuration
2019-07-27 06:47:36.787  INFO 29868 --- [DiscoveryClient-HeartbeatExecutor-0] com.netflix.discovery.DiscoveryClient    : DiscoveryClient_XXPAY-CONFIG/10.145.20.158:xxpay-config:2020 - Re-registering apps/XXPAY-CONFIG
2019-07-27 06:47:36.787  INFO 29868 --- [DiscoveryClient-HeartbeatExecutor-0] com.netflix.discovery.DiscoveryClient    : DiscoveryClient_XXPAY-CONFIG/10.145.20.158:xxpay-config:2020: registering service...
2019-07-27 06:47:36.791  INFO 29868 --- [DiscoveryClient-HeartbeatExecutor-0] com.netflix.discovery.DiscoveryClient    : DiscoveryClient_XXPAY-CONFIG/10.145.20.158:xxpay-config:2020 - registration status: 204
2019-07-27 07:51:01.013  INFO 29868 --- [AsyncResolver-bootstrap-executor-0] c.n.d.s.r.aws.ConfigClusterResolver      : Resolving eureka endpoints via configuration
2019-07-27 09:02:28.161  INFO 29868 --- [DiscoveryClient-HeartbeatExecutor-0] com.netflix.discovery.DiscoveryClient    : DiscoveryClient_XXPAY-CONFIG/10.145.20.158:xxpay-config:2020 - Re-registering apps/XXPAY-CONFIG
2019-07-27 09:02:28.163  INFO 29868 --- [DiscoveryClient-HeartbeatExecutor-0] com.netflix.discovery.DiscoveryClient    : DiscoveryClient_XXPAY-CONFIG/10.145.20.158:xxpay-config:2020: registering service...
2019-07-27 09:02:28.179  INFO 29868 --- [DiscoveryClient-HeartbeatExecutor-0] com.netflix.discovery.DiscoveryClient    : DiscoveryClient_XXPAY-CONFIG/10.145.20.158:xxpay-config:2020 - registration status: 204
2019-07-27 09:02:54.606  INFO 29868 --- [AsyncResolver-bootstrap-executor-0] c.n.d.s.r.aws.ConfigClusterResolver      : Resolving eureka endpoints via configuration
2019-07-27 09:17:11.035  INFO 29868 --- [AsyncResolver-bootstrap-executor-0] c.n.d.s.r.aws.ConfigClusterResolver      : Resolving eureka endpoints via configuration
2019-07-27 09:22:12.529  INFO 29868 --- [AsyncResolver-bootstrap-executor-0] c.n.d.s.r.aws.ConfigClusterResolver      : Resolving eureka endpoints via configuration
2019-07-27 09:27:12.537  INFO 29868 --- [AsyncResolver-bootstrap-executor-0] c.n.d.s.r.aws.ConfigClusterResolver      : Resolving eureka endpoints via configuration
2019-07-27 09:32:12.546  INFO 29868 --- [AsyncResolver-bootstrap-executor-0] c.n.d.s.r.aws.ConfigClusterResolver      : Resolving eureka endpoints via configuration
2019-07-27 09:37:12.553  INFO 29868 --- [AsyncResolver-bootstrap-executor-0] c.n.d.s.r.aws.ConfigClusterResolver      : Resolving eureka endpoints via configuration
2019-07-27 09:42:12.563  INFO 29868 --- [AsyncResolver-bootstrap-executor-0] c.n.d.s.r.aws.ConfigClusterResolver      : Resolving eureka endpoints via configuration
2019-07-27 09:47:12.574  INFO 29868 --- [AsyncResolver-bootstrap-executor-0] c.n.d.s.r.aws.ConfigClusterResolver      : Resolving eureka endpoints via configuration
2019-07-27 09:52:12.584  INFO 29868 --- [AsyncResolver-bootstrap-executor-0] c.n.d.s.r.aws.ConfigClusterResolver      : Resolving eureka endpoints via configuration
2019-07-27 09:57:12.594  INFO 29868 --- [AsyncResolver-bootstrap-executor-0] c.n.d.s.r.aws.ConfigClusterResolver      : Resolving eureka endpoints via configuration
2019-07-27 10:02:12.603  INFO 29868 --- [AsyncResolver-bootstrap-executor-0] c.n.d.s.r.aws.ConfigClusterResolver      : Resolving eureka endpoints via configuration
2019-07-27 10:07:12.615  INFO 29868 --- [AsyncResolver-bootstrap-executor-0] c.n.d.s.r.aws.ConfigClusterResolver      : Resolving eureka endpoints via configuration
2019-07-27 10:12:12.625  INFO 29868 --- [AsyncResolver-bootstrap-executor-0] c.n.d.s.r.aws.ConfigClusterResolver      : Resolving eureka endpoints via configuration
2019-07-27 10:17:12.633  INFO 29868 --- [AsyncResolver-bootstrap-executor-0] c.n.d.s.r.aws.ConfigClusterResolver      : Resolving eureka endpoints via configuration
2019-07-27 10:22:12.643  INFO 29868 --- [AsyncResolver-bootstrap-executor-0] c.n.d.s.r.aws.ConfigClusterResolver      : Resolving eureka endpoints via configuration
2019-07-27 10:27:12.651  INFO 29868 --- [AsyncResolver-bootstrap-executor-0] c.n.d.s.r.aws.ConfigClusterResolver      : Resolving eureka endpoints via configuration
2019-07-27 10:32:12.657  INFO 29868 --- [AsyncResolver-bootstrap-executor-0] c.n.d.s.r.aws.ConfigClusterResolver      : Resolving eureka endpoints via configuration
2019-07-27 10:37:12.668  INFO 29868 --- [AsyncResolver-bootstrap-executor-0] c.n.d.s.r.aws.ConfigClusterResolver      : Resolving eureka endpoints via configuration
2019-07-27 10:42:12.677  INFO 29868 --- [AsyncResolver-bootstrap-executor-0] c.n.d.s.r.aws.ConfigClusterResolver      : Resolving eureka endpoints via configuration
2019-07-27 10:47:12.688  INFO 29868 --- [AsyncResolver-bootstrap-executor-0] c.n.d.s.r.aws.ConfigClusterResolver      : Resolving eureka endpoints via configuration
2019-07-27 10:52:12.697  INFO 29868 --- [AsyncResolver-bootstrap-executor-0] c.n.d.s.r.aws.ConfigClusterResolver      : Resolving eureka endpoints via configuration
2019-07-27 10:57:12.706  INFO 29868 --- [AsyncResolver-bootstrap-executor-0] c.n.d.s.r.aws.ConfigClusterResolver      : Resolving eureka endpoints via configuration
2019-07-27 11:02:12.715  INFO 29868 --- [AsyncResolver-bootstrap-executor-0] c.n.d.s.r.aws.ConfigClusterResolver      : Resolving eureka endpoints via configuration
2019-07-27 11:07:13.048  INFO 29868 --- [AsyncResolver-bootstrap-executor-0] c.n.d.s.r.aws.ConfigClusterResolver      : Resolving eureka endpoints via configuration
2019-07-27 11:12:13.269  INFO 29868 --- [AsyncResolver-bootstrap-executor-0] c.n.d.s.r.aws.ConfigClusterResolver      : Resolving eureka endpoints via configuration
2019-07-27 11:14:43.342  INFO 29868 --- [http-nio-2020-exec-5] s.c.a.AnnotationConfigApplicationContext : Refreshing org.springframework.context.annotation.AnnotationConfigApplicationContext@2cf4fe1: startup date [Sat Jul 27 11:14:43 CST 2019]; root of context hierarchy
2019-07-27 11:14:43.350  INFO 29868 --- [http-nio-2020-exec-5] f.a.AutowiredAnnotationBeanPostProcessor : JSR-330 'javax.inject.Inject' annotation found and supported for autowiring
2019-07-27 11:14:43.366  INFO 29868 --- [http-nio-2020-exec-5] o.s.c.c.s.e.NativeEnvironmentRepository  : Adding property source: classpath:/shared/xxpay-web.yml
2019-07-27 11:14:43.366  INFO 29868 --- [http-nio-2020-exec-5] o.s.c.c.s.e.NativeEnvironmentRepository  : Adding property source: classpath:/shared/application.yml
2019-07-27 11:14:43.366  INFO 29868 --- [http-nio-2020-exec-5] s.c.a.AnnotationConfigApplicationContext : Closing org.springframework.context.annotation.AnnotationConfigApplicationContext@2cf4fe1: startup date [Sat Jul 27 11:14:43 CST 2019]; root of context hierarchy
2019-07-27 11:15:16.140  INFO 29868 --- [http-nio-2020-exec-7] s.c.a.AnnotationConfigApplicationContext : Refreshing org.springframework.context.annotation.AnnotationConfigApplicationContext@3352f356: startup date [Sat Jul 27 11:15:16 CST 2019]; root of context hierarchy
2019-07-27 11:15:16.145  INFO 29868 --- [http-nio-2020-exec-7] f.a.AutowiredAnnotationBeanPostProcessor : JSR-330 'javax.inject.Inject' annotation found and supported for autowiring
2019-07-27 11:15:16.173  INFO 29868 --- [http-nio-2020-exec-7] o.s.c.c.s.e.NativeEnvironmentRepository  : Adding property source: classpath:/shared/xxpay-service-home.properties
2019-07-27 11:15:16.174  INFO 29868 --- [http-nio-2020-exec-7] o.s.c.c.s.e.NativeEnvironmentRepository  : Adding property source: classpath:/shared/xxpay-service.yml
2019-07-27 11:15:16.174  INFO 29868 --- [http-nio-2020-exec-7] o.s.c.c.s.e.NativeEnvironmentRepository  : Adding property source: classpath:/shared/application.yml
2019-07-27 11:15:16.174  INFO 29868 --- [http-nio-2020-exec-7] s.c.a.AnnotationConfigApplicationContext : Closing org.springframework.context.annotation.AnnotationConfigApplicationContext@3352f356: startup date [Sat Jul 27 11:15:16 CST 2019]; root of context hierarchy
2019-07-27 11:17:13.277  INFO 29868 --- [AsyncResolver-bootstrap-executor-0] c.n.d.s.r.aws.ConfigClusterResolver      : Resolving eureka endpoints via configuration
2019-07-27 11:17:17.844  INFO 29868 --- [http-nio-2020-exec-9] s.c.a.AnnotationConfigApplicationContext : Refreshing org.springframework.context.annotation.AnnotationConfigApplicationContext@6c9e7d29: startup date [Sat Jul 27 11:17:17 CST 2019]; root of context hierarchy
2019-07-27 11:17:17.848  INFO 29868 --- [http-nio-2020-exec-9] f.a.AutowiredAnnotationBeanPostProcessor : JSR-330 'javax.inject.Inject' annotation found and supported for autowiring
2019-07-27 11:17:17.862  INFO 29868 --- [http-nio-2020-exec-9] o.s.c.c.s.e.NativeEnvironmentRepository  : Adding property source: classpath:/shared/xxpay-web.yml
2019-07-27 11:17:17.862  INFO 29868 --- [http-nio-2020-exec-9] o.s.c.c.s.e.NativeEnvironmentRepository  : Adding property source: classpath:/shared/application.yml
2019-07-27 11:17:17.862  INFO 29868 --- [http-nio-2020-exec-9] s.c.a.AnnotationConfigApplicationContext : Closing org.springframework.context.annotation.AnnotationConfigApplicationContext@6c9e7d29: startup date [Sat Jul 27 11:17:17 CST 2019]; root of context hierarchy
2019-07-27 11:22:13.285  INFO 29868 --- [AsyncResolver-bootstrap-executor-0] c.n.d.s.r.aws.ConfigClusterResolver      : Resolving eureka endpoints via configuration
2019-07-27 11:27:13.435  INFO 29868 --- [AsyncResolver-bootstrap-executor-0] c.n.d.s.r.aws.ConfigClusterResolver      : Resolving eureka endpoints via configuration
2019-07-27 11:28:17.818  INFO 29868 --- [http-nio-2020-exec-1] s.c.a.AnnotationConfigApplicationContext : Refreshing org.springframework.context.annotation.AnnotationConfigApplicationContext@2a43d026: startup date [Sat Jul 27 11:28:17 CST 2019]; root of context hierarchy
2019-07-27 11:28:17.822  INFO 29868 --- [http-nio-2020-exec-1] f.a.AutowiredAnnotationBeanPostProcessor : JSR-330 'javax.inject.Inject' annotation found and supported for autowiring
2019-07-27 11:28:17.836  INFO 29868 --- [http-nio-2020-exec-1] o.s.c.c.s.e.NativeEnvironmentRepository  : Adding property source: classpath:/shared/xxpay-service-home.properties
2019-07-27 11:28:17.836  INFO 29868 --- [http-nio-2020-exec-1] o.s.c.c.s.e.NativeEnvironmentRepository  : Adding property source: classpath:/shared/xxpay-service.yml
2019-07-27 11:28:17.836  INFO 29868 --- [http-nio-2020-exec-1] o.s.c.c.s.e.NativeEnvironmentRepository  : Adding property source: classpath:/shared/application.yml
2019-07-27 11:28:17.836  INFO 29868 --- [http-nio-2020-exec-1] s.c.a.AnnotationConfigApplicationContext : Closing org.springframework.context.annotation.AnnotationConfigApplicationContext@2a43d026: startup date [Sat Jul 27 11:28:17 CST 2019]; root of context hierarchy
2019-07-27 11:32:13.539  INFO 29868 --- [AsyncResolver-bootstrap-executor-0] c.n.d.s.r.aws.ConfigClusterResolver      : Resolving eureka endpoints via configuration
2019-07-27 11:37:13.547  INFO 29868 --- [AsyncResolver-bootstrap-executor-0] c.n.d.s.r.aws.ConfigClusterResolver      : Resolving eureka endpoints via configuration
2019-07-27 11:42:13.555  INFO 29868 --- [AsyncResolver-bootstrap-executor-0] c.n.d.s.r.aws.ConfigClusterResolver      : Resolving eureka endpoints via configuration
2019-07-27 11:45:12.220  INFO 29868 --- [http-nio-2020-exec-3] s.c.a.AnnotationConfigApplicationContext : Refreshing org.springframework.context.annotation.AnnotationConfigApplicationContext@1d9016d2: startup date [Sat Jul 27 11:45:12 CST 2019]; root of context hierarchy
2019-07-27 11:45:12.223  INFO 29868 --- [http-nio-2020-exec-3] f.a.AutowiredAnnotationBeanPostProcessor : JSR-330 'javax.inject.Inject' annotation found and supported for autowiring
2019-07-27 11:45:12.235  INFO 29868 --- [http-nio-2020-exec-3] o.s.c.c.s.e.NativeEnvironmentRepository  : Adding property source: classpath:/shared/xxpay-service-home.properties
2019-07-27 11:45:12.235  INFO 29868 --- [http-nio-2020-exec-3] o.s.c.c.s.e.NativeEnvironmentRepository  : Adding property source: classpath:/shared/xxpay-service.yml
2019-07-27 11:45:12.236  INFO 29868 --- [http-nio-2020-exec-3] o.s.c.c.s.e.NativeEnvironmentRepository  : Adding property source: classpath:/shared/application.yml
2019-07-27 11:45:12.236  INFO 29868 --- [http-nio-2020-exec-3] s.c.a.AnnotationConfigApplicationContext : Closing org.springframework.context.annotation.AnnotationConfigApplicationContext@1d9016d2: startup date [Sat Jul 27 11:45:12 CST 2019]; root of context hierarchy
2019-07-27 11:47:13.566  INFO 29868 --- [AsyncResolver-bootstrap-executor-0] c.n.d.s.r.aws.ConfigClusterResolver      : Resolving eureka endpoints via configuration
2019-07-27 11:49:41.460  INFO 29868 --- [http-nio-2020-exec-5] s.c.a.AnnotationConfigApplicationContext : Refreshing org.springframework.context.annotation.AnnotationConfigApplicationContext@16d87124: startup date [Sat Jul 27 11:49:41 CST 2019]; root of context hierarchy
2019-07-27 11:49:41.464  INFO 29868 --- [http-nio-2020-exec-5] f.a.AutowiredAnnotationBeanPostProcessor : JSR-330 'javax.inject.Inject' annotation found and supported for autowiring
2019-07-27 11:49:41.476  INFO 29868 --- [http-nio-2020-exec-5] o.s.c.c.s.e.NativeEnvironmentRepository  : Adding property source: classpath:/shared/xxpay-web.yml
2019-07-27 11:49:41.476  INFO 29868 --- [http-nio-2020-exec-5] o.s.c.c.s.e.NativeEnvironmentRepository  : Adding property source: classpath:/shared/application.yml
2019-07-27 11:49:41.476  INFO 29868 --- [http-nio-2020-exec-5] s.c.a.AnnotationConfigApplicationContext : Closing org.springframework.context.annotation.AnnotationConfigApplicationContext@16d87124: startup date [Sat Jul 27 11:49:41 CST 2019]; root of context hierarchy
2019-07-27 11:52:13.573  INFO 29868 --- [AsyncResolver-bootstrap-executor-0] c.n.d.s.r.aws.ConfigClusterResolver      : Resolving eureka endpoints via configuration
2019-07-27 11:56:11.508  INFO 29868 --- [http-nio-2020-exec-7] s.c.a.AnnotationConfigApplicationContext : Refreshing org.springframework.context.annotation.AnnotationConfigApplicationContext@32feb50c: startup date [Sat Jul 27 11:56:11 CST 2019]; root of context hierarchy
2019-07-27 11:56:11.511  INFO 29868 --- [http-nio-2020-exec-7] f.a.AutowiredAnnotationBeanPostProcessor : JSR-330 'javax.inject.Inject' annotation found and supported for autowiring
2019-07-27 11:56:11.526  INFO 29868 --- [http-nio-2020-exec-7] o.s.c.c.s.e.NativeEnvironmentRepository  : Adding property source: classpath:/shared/xxpay-web.yml
2019-07-27 11:56:11.526  INFO 29868 --- [http-nio-2020-exec-7] o.s.c.c.s.e.NativeEnvironmentRepository  : Adding property source: classpath:/shared/application.yml
2019-07-27 11:56:11.526  INFO 29868 --- [http-nio-2020-exec-7] s.c.a.AnnotationConfigApplicationContext : Closing org.springframework.context.annotation.AnnotationConfigApplicationContext@32feb50c: startup date [Sat Jul 27 11:56:11 CST 2019]; root of context hierarchy
2019-07-27 11:57:13.583  INFO 29868 --- [AsyncResolver-bootstrap-executor-0] c.n.d.s.r.aws.ConfigClusterResolver      : Resolving eureka endpoints via configuration
2019-07-27 11:58:57.112  INFO 29868 --- [http-nio-2020-exec-9] s.c.a.AnnotationConfigApplicationContext : Refreshing org.springframework.context.annotation.AnnotationConfigApplicationContext@4c8fd5f8: startup date [Sat Jul 27 11:58:57 CST 2019]; root of context hierarchy
2019-07-27 11:58:57.118  INFO 29868 --- [http-nio-2020-exec-9] f.a.AutowiredAnnotationBeanPostProcessor : JSR-330 'javax.inject.Inject' annotation found and supported for autowiring
2019-07-27 11:58:57.150  INFO 29868 --- [http-nio-2020-exec-9] o.s.c.c.s.e.NativeEnvironmentRepository  : Adding property source: classpath:/shared/xxpay-web.yml
2019-07-27 11:58:57.150  INFO 29868 --- [http-nio-2020-exec-9] o.s.c.c.s.e.NativeEnvironmentRepository  : Adding property source: classpath:/shared/application.yml
2019-07-27 11:58:57.150  INFO 29868 --- [http-nio-2020-exec-9] s.c.a.AnnotationConfigApplicationContext : Closing org.springframework.context.annotation.AnnotationConfigApplicationContext@4c8fd5f8: startup date [Sat Jul 27 11:58:57 CST 2019]; root of context hierarchy
2019-07-27 11:59:02.500  INFO 29868 --- [http-nio-2020-exec-1] s.c.a.AnnotationConfigApplicationContext : Refreshing org.springframework.context.annotation.AnnotationConfigApplicationContext@7c483454: startup date [Sat Jul 27 11:59:02 CST 2019]; root of context hierarchy
2019-07-27 11:59:02.503  INFO 29868 --- [http-nio-2020-exec-1] f.a.AutowiredAnnotationBeanPostProcessor : JSR-330 'javax.inject.Inject' annotation found and supported for autowiring
2019-07-27 11:59:02.516  INFO 29868 --- [http-nio-2020-exec-1] o.s.c.c.s.e.NativeEnvironmentRepository  : Adding property source: classpath:/shared/xxpay-service-home.properties
2019-07-27 11:59:02.516  INFO 29868 --- [http-nio-2020-exec-1] o.s.c.c.s.e.NativeEnvironmentRepository  : Adding property source: classpath:/shared/xxpay-service.yml
2019-07-27 11:59:02.516  INFO 29868 --- [http-nio-2020-exec-1] o.s.c.c.s.e.NativeEnvironmentRepository  : Adding property source: classpath:/shared/application.yml
2019-07-27 11:59:02.516  INFO 29868 --- [http-nio-2020-exec-1] s.c.a.AnnotationConfigApplicationContext : Closing org.springframework.context.annotation.AnnotationConfigApplicationContext@7c483454: startup date [Sat Jul 27 11:59:02 CST 2019]; root of context hierarchy
2019-07-27 12:02:13.590  INFO 29868 --- [AsyncResolver-bootstrap-executor-0] c.n.d.s.r.aws.ConfigClusterResolver      : Resolving eureka endpoints via configuration
2019-07-27 12:04:33.375  INFO 29868 --- [http-nio-2020-exec-3] s.c.a.AnnotationConfigApplicationContext : Refreshing org.springframework.context.annotation.AnnotationConfigApplicationContext@35135126: startup date [Sat Jul 27 12:04:33 CST 2019]; root of context hierarchy
2019-07-27 12:04:33.378  INFO 29868 --- [http-nio-2020-exec-3] f.a.AutowiredAnnotationBeanPostProcessor : JSR-330 'javax.inject.Inject' annotation found and supported for autowiring
2019-07-27 12:04:33.391  INFO 29868 --- [http-nio-2020-exec-3] o.s.c.c.s.e.NativeEnvironmentRepository  : Adding property source: classpath:/shared/xxpay-service-home.properties
2019-07-27 12:04:33.391  INFO 29868 --- [http-nio-2020-exec-3] o.s.c.c.s.e.NativeEnvironmentRepository  : Adding property source: classpath:/shared/xxpay-service.yml
2019-07-27 12:04:33.391  INFO 29868 --- [http-nio-2020-exec-3] o.s.c.c.s.e.NativeEnvironmentRepository  : Adding property source: classpath:/shared/application.yml
2019-07-27 12:04:33.392  INFO 29868 --- [http-nio-2020-exec-3] s.c.a.AnnotationConfigApplicationContext : Closing org.springframework.context.annotation.AnnotationConfigApplicationContext@35135126: startup date [Sat Jul 27 12:04:33 CST 2019]; root of context hierarchy
2019-07-27 12:07:13.596  INFO 29868 --- [AsyncResolver-bootstrap-executor-0] c.n.d.s.r.aws.ConfigClusterResolver      : Resolving eureka endpoints via configuration
2019-07-27 12:12:13.606  INFO 29868 --- [AsyncResolver-bootstrap-executor-0] c.n.d.s.r.aws.ConfigClusterResolver      : Resolving eureka endpoints via configuration
2019-07-27 12:15:38.387  INFO 29868 --- [http-nio-2020-exec-5] s.c.a.AnnotationConfigApplicationContext : Refreshing org.springframework.context.annotation.AnnotationConfigApplicationContext@27e255ad: startup date [Sat Jul 27 12:15:38 CST 2019]; root of context hierarchy
2019-07-27 12:15:38.400  INFO 29868 --- [http-nio-2020-exec-5] f.a.AutowiredAnnotationBeanPostProcessor : JSR-330 'javax.inject.Inject' annotation found and supported for autowiring
2019-07-27 12:15:38.434  INFO 29868 --- [http-nio-2020-exec-5] o.s.c.c.s.e.NativeEnvironmentRepository  : Adding property source: classpath:/shared/xxpay-service-home.properties
2019-07-27 12:15:38.434  INFO 29868 --- [http-nio-2020-exec-5] o.s.c.c.s.e.NativeEnvironmentRepository  : Adding property source: classpath:/shared/xxpay-service.yml
2019-07-27 12:15:38.434  INFO 29868 --- [http-nio-2020-exec-5] o.s.c.c.s.e.NativeEnvironmentRepository  : Adding property source: classpath:/shared/application.yml
2019-07-27 12:15:38.434  INFO 29868 --- [http-nio-2020-exec-5] s.c.a.AnnotationConfigApplicationContext : Closing org.springframework.context.annotation.AnnotationConfigApplicationContext@27e255ad: startup date [Sat Jul 27 12:15:38 CST 2019]; root of context hierarchy
2019-07-27 12:15:45.508  INFO 29868 --- [http-nio-2020-exec-7] s.c.a.AnnotationConfigApplicationContext : Refreshing org.springframework.context.annotation.AnnotationConfigApplicationContext@49762f7a: startup date [Sat Jul 27 12:15:45 CST 2019]; root of context hierarchy
2019-07-27 12:15:45.513  INFO 29868 --- [http-nio-2020-exec-7] f.a.AutowiredAnnotationBeanPostProcessor : JSR-330 'javax.inject.Inject' annotation found and supported for autowiring
2019-07-27 12:15:45.526  INFO 29868 --- [http-nio-2020-exec-7] o.s.c.c.s.e.NativeEnvironmentRepository  : Adding property source: classpath:/shared/xxpay-web.yml
2019-07-27 12:15:45.526  INFO 29868 --- [http-nio-2020-exec-7] o.s.c.c.s.e.NativeEnvironmentRepository  : Adding property source: classpath:/shared/application.yml
2019-07-27 12:15:45.526  INFO 29868 --- [http-nio-2020-exec-7] s.c.a.AnnotationConfigApplicationContext : Closing org.springframework.context.annotation.AnnotationConfigApplicationContext@49762f7a: startup date [Sat Jul 27 12:15:45 CST 2019]; root of context hierarchy
2019-07-27 12:17:13.613  INFO 29868 --- [AsyncResolver-bootstrap-executor-0] c.n.d.s.r.aws.ConfigClusterResolver      : Resolving eureka endpoints via configuration
2019-07-27 12:18:53.344  INFO 29868 --- [http-nio-2020-exec-9] s.c.a.AnnotationConfigApplicationContext : Refreshing org.springframework.context.annotation.AnnotationConfigApplicationContext@7c9cc32: startup date [Sat Jul 27 12:18:53 CST 2019]; root of context hierarchy
2019-07-27 12:18:53.349  INFO 29868 --- [http-nio-2020-exec-9] f.a.AutowiredAnnotationBeanPostProcessor : JSR-330 'javax.inject.Inject' annotation found and supported for autowiring
2019-07-27 12:18:53.365  INFO 29868 --- [http-nio-2020-exec-9] o.s.c.c.s.e.NativeEnvironmentRepository  : Adding property source: classpath:/shared/xxpay-web.yml
2019-07-27 12:18:53.365  INFO 29868 --- [http-nio-2020-exec-9] o.s.c.c.s.e.NativeEnvironmentRepository  : Adding property source: classpath:/shared/application.yml
2019-07-27 12:18:53.365  INFO 29868 --- [http-nio-2020-exec-9] s.c.a.AnnotationConfigApplicationContext : Closing org.springframework.context.annotation.AnnotationConfigApplicationContext@7c9cc32: startup date [Sat Jul 27 12:18:53 CST 2019]; root of context hierarchy
2019-07-27 12:18:58.651  INFO 29868 --- [http-nio-2020-exec-10] s.c.a.AnnotationConfigApplicationContext : Refreshing org.springframework.context.annotation.AnnotationConfigApplicationContext@417afafd: startup date [Sat Jul 27 12:18:58 CST 2019]; root of context hierarchy
2019-07-27 12:18:58.653  INFO 29868 --- [http-nio-2020-exec-10] f.a.AutowiredAnnotationBeanPostProcessor : JSR-330 'javax.inject.Inject' annotation found and supported for autowiring
2019-07-27 12:18:58.664  INFO 29868 --- [http-nio-2020-exec-10] o.s.c.c.s.e.NativeEnvironmentRepository  : Adding property source: classpath:/shared/xxpay-service-home.properties
2019-07-27 12:18:58.664  INFO 29868 --- [http-nio-2020-exec-10] o.s.c.c.s.e.NativeEnvironmentRepository  : Adding property source: classpath:/shared/xxpay-service.yml
2019-07-27 12:18:58.664  INFO 29868 --- [http-nio-2020-exec-10] o.s.c.c.s.e.NativeEnvironmentRepository  : Adding property source: classpath:/shared/application.yml
2019-07-27 12:18:58.664  INFO 29868 --- [http-nio-2020-exec-10] s.c.a.AnnotationConfigApplicationContext : Closing org.springframework.context.annotation.AnnotationConfigApplicationContext@417afafd: startup date [Sat Jul 27 12:18:58 CST 2019]; root of context hierarchy
2019-07-27 12:22:13.624  INFO 29868 --- [AsyncResolver-bootstrap-executor-0] c.n.d.s.r.aws.ConfigClusterResolver      : Resolving eureka endpoints via configuration
2019-07-27 12:26:58.389  INFO 29868 --- [http-nio-2020-exec-3] s.c.a.AnnotationConfigApplicationContext : Refreshing org.springframework.context.annotation.AnnotationConfigApplicationContext@4a9bd03f: startup date [Sat Jul 27 12:26:58 CST 2019]; root of context hierarchy
2019-07-27 12:26:58.393  INFO 29868 --- [http-nio-2020-exec-3] f.a.AutowiredAnnotationBeanPostProcessor : JSR-330 'javax.inject.Inject' annotation found and supported for autowiring
2019-07-27 12:26:58.405  INFO 29868 --- [http-nio-2020-exec-3] o.s.c.c.s.e.NativeEnvironmentRepository  : Adding property source: classpath:/shared/xxpay-service-home.properties
2019-07-27 12:26:58.406  INFO 29868 --- [http-nio-2020-exec-3] o.s.c.c.s.e.NativeEnvironmentRepository  : Adding property source: classpath:/shared/xxpay-service.yml
2019-07-27 12:26:58.406  INFO 29868 --- [http-nio-2020-exec-3] o.s.c.c.s.e.NativeEnvironmentRepository  : Adding property source: classpath:/shared/application.yml
2019-07-27 12:26:58.406  INFO 29868 --- [http-nio-2020-exec-3] s.c.a.AnnotationConfigApplicationContext : Closing org.springframework.context.annotation.AnnotationConfigApplicationContext@4a9bd03f: startup date [Sat Jul 27 12:26:58 CST 2019]; root of context hierarchy
2019-07-27 12:27:13.635  INFO 29868 --- [AsyncResolver-bootstrap-executor-0] c.n.d.s.r.aws.ConfigClusterResolver      : Resolving eureka endpoints via configuration
2019-07-27 12:32:13.647  INFO 29868 --- [AsyncResolver-bootstrap-executor-0] c.n.d.s.r.aws.ConfigClusterResolver      : Resolving eureka endpoints via configuration
2019-07-27 12:37:13.655  INFO 29868 --- [AsyncResolver-bootstrap-executor-0] c.n.d.s.r.aws.ConfigClusterResolver      : Resolving eureka endpoints via configuration
2019-07-27 12:39:52.991  INFO 29868 --- [http-nio-2020-exec-5] s.c.a.AnnotationConfigApplicationContext : Refreshing org.springframework.context.annotation.AnnotationConfigApplicationContext@e6efddb: startup date [Sat Jul 27 12:39:52 CST 2019]; root of context hierarchy
2019-07-27 12:39:52.994  INFO 29868 --- [http-nio-2020-exec-5] f.a.AutowiredAnnotationBeanPostProcessor : JSR-330 'javax.inject.Inject' annotation found and supported for autowiring
2019-07-27 12:39:53.005  INFO 29868 --- [http-nio-2020-exec-5] o.s.c.c.s.e.NativeEnvironmentRepository  : Adding property source: classpath:/shared/xxpay-service-home.properties
2019-07-27 12:39:53.005  INFO 29868 --- [http-nio-2020-exec-5] o.s.c.c.s.e.NativeEnvironmentRepository  : Adding property source: classpath:/shared/xxpay-service.yml
2019-07-27 12:39:53.005  INFO 29868 --- [http-nio-2020-exec-5] o.s.c.c.s.e.NativeEnvironmentRepository  : Adding property source: classpath:/shared/application.yml
2019-07-27 12:39:53.005  INFO 29868 --- [http-nio-2020-exec-5] s.c.a.AnnotationConfigApplicationContext : Closing org.springframework.context.annotation.AnnotationConfigApplicationContext@e6efddb: startup date [Sat Jul 27 12:39:52 CST 2019]; root of context hierarchy
2019-07-27 12:42:13.665  INFO 29868 --- [AsyncResolver-bootstrap-executor-0] c.n.d.s.r.aws.ConfigClusterResolver      : Resolving eureka endpoints via configuration
2019-07-27 12:44:03.621  INFO 29868 --- [http-nio-2020-exec-7] s.c.a.AnnotationConfigApplicationContext : Refreshing org.springframework.context.annotation.AnnotationConfigApplicationContext@4cae7305: startup date [Sat Jul 27 12:44:03 CST 2019]; root of context hierarchy
2019-07-27 12:44:03.635  INFO 29868 --- [http-nio-2020-exec-7] f.a.AutowiredAnnotationBeanPostProcessor : JSR-330 'javax.inject.Inject' annotation found and supported for autowiring
2019-07-27 12:44:03.701  INFO 29868 --- [http-nio-2020-exec-7] o.s.c.c.s.e.NativeEnvironmentRepository  : Adding property source: classpath:/shared/xxpay-service-home.properties
2019-07-27 12:44:03.701  INFO 29868 --- [http-nio-2020-exec-7] o.s.c.c.s.e.NativeEnvironmentRepository  : Adding property source: classpath:/shared/xxpay-service.yml
2019-07-27 12:44:03.701  INFO 29868 --- [http-nio-2020-exec-7] o.s.c.c.s.e.NativeEnvironmentRepository  : Adding property source: classpath:/shared/application.yml
2019-07-27 12:44:03.701  INFO 29868 --- [http-nio-2020-exec-7] s.c.a.AnnotationConfigApplicationContext : Closing org.springframework.context.annotation.AnnotationConfigApplicationContext@4cae7305: startup date [Sat Jul 27 12:44:03 CST 2019]; root of context hierarchy
2019-07-27 12:46:17.930  INFO 29868 --- [http-nio-2020-exec-9] s.c.a.AnnotationConfigApplicationContext : Refreshing org.springframework.context.annotation.AnnotationConfigApplicationContext@43358904: startup date [Sat Jul 27 12:46:17 CST 2019]; root of context hierarchy
2019-07-27 12:46:17.933  INFO 29868 --- [http-nio-2020-exec-9] f.a.AutowiredAnnotationBeanPostProcessor : JSR-330 'javax.inject.Inject' annotation found and supported for autowiring
2019-07-27 12:46:17.945  INFO 29868 --- [http-nio-2020-exec-9] o.s.c.c.s.e.NativeEnvironmentRepository  : Adding property source: classpath:/shared/xxpay-service-home.properties
2019-07-27 12:46:17.945  INFO 29868 --- [http-nio-2020-exec-9] o.s.c.c.s.e.NativeEnvironmentRepository  : Adding property source: classpath:/shared/xxpay-service.yml
2019-07-27 12:46:17.945  INFO 29868 --- [http-nio-2020-exec-9] o.s.c.c.s.e.NativeEnvironmentRepository  : Adding property source: classpath:/shared/application.yml
2019-07-27 12:46:17.945  INFO 29868 --- [http-nio-2020-exec-9] s.c.a.AnnotationConfigApplicationContext : Closing org.springframework.context.annotation.AnnotationConfigApplicationContext@43358904: startup date [Sat Jul 27 12:46:17 CST 2019]; root of context hierarchy
2019-07-27 12:47:13.676  INFO 29868 --- [AsyncResolver-bootstrap-executor-0] c.n.d.s.r.aws.ConfigClusterResolver      : Resolving eureka endpoints via configuration
2019-07-27 12:50:06.229  INFO 29868 --- [http-nio-2020-exec-1] s.c.a.AnnotationConfigApplicationContext : Refreshing org.springframework.context.annotation.AnnotationConfigApplicationContext@a00135e: startup date [Sat Jul 27 12:50:06 CST 2019]; root of context hierarchy
2019-07-27 12:50:06.232  INFO 29868 --- [http-nio-2020-exec-1] f.a.AutowiredAnnotationBeanPostProcessor : JSR-330 'javax.inject.Inject' annotation found and supported for autowiring
2019-07-27 12:50:06.242  INFO 29868 --- [http-nio-2020-exec-1] o.s.c.c.s.e.NativeEnvironmentRepository  : Adding property source: classpath:/shared/xxpay-service-home.properties
2019-07-27 12:50:06.242  INFO 29868 --- [http-nio-2020-exec-1] o.s.c.c.s.e.NativeEnvironmentRepository  : Adding property source: classpath:/shared/xxpay-service.yml
2019-07-27 12:50:06.242  INFO 29868 --- [http-nio-2020-exec-1] o.s.c.c.s.e.NativeEnvironmentRepository  : Adding property source: classpath:/shared/application.yml
2019-07-27 12:50:06.242  INFO 29868 --- [http-nio-2020-exec-1] s.c.a.AnnotationConfigApplicationContext : Closing org.springframework.context.annotation.AnnotationConfigApplicationContext@a00135e: startup date [Sat Jul 27 12:50:06 CST 2019]; root of context hierarchy
2019-07-27 12:52:13.687  INFO 29868 --- [AsyncResolver-bootstrap-executor-0] c.n.d.s.r.aws.ConfigClusterResolver      : Resolving eureka endpoints via configuration
2019-07-27 12:53:21.568  INFO 29868 --- [http-nio-2020-exec-3] s.c.a.AnnotationConfigApplicationContext : Refreshing org.springframework.context.annotation.AnnotationConfigApplicationContext@3254368a: startup date [Sat Jul 27 12:53:21 CST 2019]; root of context hierarchy
2019-07-27 12:53:21.570  INFO 29868 --- [http-nio-2020-exec-3] f.a.AutowiredAnnotationBeanPostProcessor : JSR-330 'javax.inject.Inject' annotation found and supported for autowiring
2019-07-27 12:53:21.580  INFO 29868 --- [http-nio-2020-exec-3] o.s.c.c.s.e.NativeEnvironmentRepository  : Adding property source: classpath:/shared/xxpay-service-home.properties
2019-07-27 12:53:21.580  INFO 29868 --- [http-nio-2020-exec-3] o.s.c.c.s.e.NativeEnvironmentRepository  : Adding property source: classpath:/shared/xxpay-service.yml
2019-07-27 12:53:21.580  INFO 29868 --- [http-nio-2020-exec-3] o.s.c.c.s.e.NativeEnvironmentRepository  : Adding property source: classpath:/shared/application.yml
2019-07-27 12:53:21.580  INFO 29868 --- [http-nio-2020-exec-3] s.c.a.AnnotationConfigApplicationContext : Closing org.springframework.context.annotation.AnnotationConfigApplicationContext@3254368a: startup date [Sat Jul 27 12:53:21 CST 2019]; root of context hierarchy
2019-07-27 12:56:40.161  INFO 29868 --- [http-nio-2020-exec-5] s.c.a.AnnotationConfigApplicationContext : Refreshing org.springframework.context.annotation.AnnotationConfigApplicationContext@4bd816ad: startup date [Sat Jul 27 12:56:40 CST 2019]; root of context hierarchy
2019-07-27 12:56:40.163  INFO 29868 --- [http-nio-2020-exec-5] f.a.AutowiredAnnotationBeanPostProcessor : JSR-330 'javax.inject.Inject' annotation found and supported for autowiring
2019-07-27 12:56:40.173  INFO 29868 --- [http-nio-2020-exec-5] o.s.c.c.s.e.NativeEnvironmentRepository  : Adding property source: classpath:/shared/xxpay-web.yml
2019-07-27 12:56:40.173  INFO 29868 --- [http-nio-2020-exec-5] o.s.c.c.s.e.NativeEnvironmentRepository  : Adding property source: classpath:/shared/application.yml
2019-07-27 12:56:40.173  INFO 29868 --- [http-nio-2020-exec-5] s.c.a.AnnotationConfigApplicationContext : Closing org.springframework.context.annotation.AnnotationConfigApplicationContext@4bd816ad: startup date [Sat Jul 27 12:56:40 CST 2019]; root of context hierarchy
2019-07-27 12:57:13.703  INFO 29868 --- [AsyncResolver-bootstrap-executor-0] c.n.d.s.r.aws.ConfigClusterResolver      : Resolving eureka endpoints via configuration
2019-07-27 13:02:13.711  INFO 29868 --- [AsyncResolver-bootstrap-executor-0] c.n.d.s.r.aws.ConfigClusterResolver      : Resolving eureka endpoints via configuration
2019-07-27 13:06:41.047  INFO 29868 --- [http-nio-2020-exec-7] s.c.a.AnnotationConfigApplicationContext : Refreshing org.springframework.context.annotation.AnnotationConfigApplicationContext@30b0dee: startup date [Sat Jul 27 13:06:41 CST 2019]; root of context hierarchy
2019-07-27 13:06:41.058  INFO 29868 --- [http-nio-2020-exec-7] f.a.AutowiredAnnotationBeanPostProcessor : JSR-330 'javax.inject.Inject' annotation found and supported for autowiring
2019-07-27 13:06:41.072  INFO 29868 --- [http-nio-2020-exec-7] o.s.c.c.s.e.NativeEnvironmentRepository  : Adding property source: classpath:/shared/xxpay-service-home.properties
2019-07-27 13:06:41.073  INFO 29868 --- [http-nio-2020-exec-7] o.s.c.c.s.e.NativeEnvironmentRepository  : Adding property source: classpath:/shared/xxpay-service.yml
2019-07-27 13:06:41.073  INFO 29868 --- [http-nio-2020-exec-7] o.s.c.c.s.e.NativeEnvironmentRepository  : Adding property source: classpath:/shared/application.yml
2019-07-27 13:06:41.073  INFO 29868 --- [http-nio-2020-exec-7] s.c.a.AnnotationConfigApplicationContext : Closing org.springframework.context.annotation.AnnotationConfigApplicationContext@30b0dee: startup date [Sat Jul 27 13:06:41 CST 2019]; root of context hierarchy
2019-07-27 13:07:13.725  INFO 29868 --- [AsyncResolver-bootstrap-executor-0] c.n.d.s.r.aws.ConfigClusterResolver      : Resolving eureka endpoints via configuration
2019-07-27 13:12:13.735  INFO 29868 --- [AsyncResolver-bootstrap-executor-0] c.n.d.s.r.aws.ConfigClusterResolver      : Resolving eureka endpoints via configuration
2019-07-27 13:17:13.745  INFO 29868 --- [AsyncResolver-bootstrap-executor-0] c.n.d.s.r.aws.ConfigClusterResolver      : Resolving eureka endpoints via configuration
2019-07-27 13:22:13.755  INFO 29868 --- [AsyncResolver-bootstrap-executor-0] c.n.d.s.r.aws.ConfigClusterResolver      : Resolving eureka endpoints via configuration
2019-07-27 13:27:13.762  INFO 29868 --- [AsyncResolver-bootstrap-executor-0] c.n.d.s.r.aws.ConfigClusterResolver      : Resolving eureka endpoints via configuration
2019-07-27 13:32:13.769  INFO 29868 --- [AsyncResolver-bootstrap-executor-0] c.n.d.s.r.aws.ConfigClusterResolver      : Resolving eureka endpoints via configuration
2019-07-27 13:33:00.825  INFO 29868 --- [http-nio-2020-exec-9] s.c.a.AnnotationConfigApplicationContext : Refreshing org.springframework.context.annotation.AnnotationConfigApplicationContext@3fe685d3: startup date [Sat Jul 27 13:33:00 CST 2019]; root of context hierarchy
2019-07-27 13:33:00.829  INFO 29868 --- [http-nio-2020-exec-9] f.a.AutowiredAnnotationBeanPostProcessor : JSR-330 'javax.inject.Inject' annotation found and supported for autowiring
2019-07-27 13:33:00.843  INFO 29868 --- [http-nio-2020-exec-9] o.s.c.c.s.e.NativeEnvironmentRepository  : Adding property source: classpath:/shared/xxpay-service-home.properties
2019-07-27 13:33:00.843  INFO 29868 --- [http-nio-2020-exec-9] o.s.c.c.s.e.NativeEnvironmentRepository  : Adding property source: classpath:/shared/xxpay-service.yml
2019-07-27 13:33:00.844  INFO 29868 --- [http-nio-2020-exec-9] o.s.c.c.s.e.NativeEnvironmentRepository  : Adding property source: classpath:/shared/application.yml
2019-07-27 13:33:00.844  INFO 29868 --- [http-nio-2020-exec-9] s.c.a.AnnotationConfigApplicationContext : Closing org.springframework.context.annotation.AnnotationConfigApplicationContext@3fe685d3: startup date [Sat Jul 27 13:33:00 CST 2019]; root of context hierarchy
2019-07-27 13:33:09.273  INFO 29868 --- [http-nio-2020-exec-1] s.c.a.AnnotationConfigApplicationContext : Refreshing org.springframework.context.annotation.AnnotationConfigApplicationContext@70a43e58: startup date [Sat Jul 27 13:33:09 CST 2019]; root of context hierarchy
2019-07-27 13:33:09.276  INFO 29868 --- [http-nio-2020-exec-1] f.a.AutowiredAnnotationBeanPostProcessor : JSR-330 'javax.inject.Inject' annotation found and supported for autowiring
2019-07-27 13:33:09.290  INFO 29868 --- [http-nio-2020-exec-1] o.s.c.c.s.e.NativeEnvironmentRepository  : Adding property source: classpath:/shared/xxpay-web.yml
2019-07-27 13:33:09.290  INFO 29868 --- [http-nio-2020-exec-1] o.s.c.c.s.e.NativeEnvironmentRepository  : Adding property source: classpath:/shared/application.yml
2019-07-27 13:33:09.290  INFO 29868 --- [http-nio-2020-exec-1] s.c.a.AnnotationConfigApplicationContext : Closing org.springframework.context.annotation.AnnotationConfigApplicationContext@70a43e58: startup date [Sat Jul 27 13:33:09 CST 2019]; root of context hierarchy
2019-07-27 13:37:13.777  INFO 29868 --- [AsyncResolver-bootstrap-executor-0] c.n.d.s.r.aws.ConfigClusterResolver      : Resolving eureka endpoints via configuration
2019-07-27 13:42:13.785  INFO 29868 --- [AsyncResolver-bootstrap-executor-0] c.n.d.s.r.aws.ConfigClusterResolver      : Resolving eureka endpoints via configuration
2019-07-27 13:43:02.365  INFO 29868 --- [http-nio-2020-exec-3] s.c.a.AnnotationConfigApplicationContext : Refreshing org.springframework.context.annotation.AnnotationConfigApplicationContext@64c5a11d: startup date [Sat Jul 27 13:43:02 CST 2019]; root of context hierarchy
2019-07-27 13:43:02.368  INFO 29868 --- [http-nio-2020-exec-3] f.a.AutowiredAnnotationBeanPostProcessor : JSR-330 'javax.inject.Inject' annotation found and supported for autowiring
2019-07-27 13:43:02.381  INFO 29868 --- [http-nio-2020-exec-3] o.s.c.c.s.e.NativeEnvironmentRepository  : Adding property source: classpath:/shared/xxpay-service-home.properties
2019-07-27 13:43:02.381  INFO 29868 --- [http-nio-2020-exec-3] o.s.c.c.s.e.NativeEnvironmentRepository  : Adding property source: classpath:/shared/xxpay-service.yml
2019-07-27 13:43:02.381  INFO 29868 --- [http-nio-2020-exec-3] o.s.c.c.s.e.NativeEnvironmentRepository  : Adding property source: classpath:/shared/application.yml
2019-07-27 13:43:02.381  INFO 29868 --- [http-nio-2020-exec-3] s.c.a.AnnotationConfigApplicationContext : Closing org.springframework.context.annotation.AnnotationConfigApplicationContext@64c5a11d: startup date [Sat Jul 27 13:43:02 CST 2019]; root of context hierarchy
2019-07-27 13:47:13.793  INFO 29868 --- [AsyncResolver-bootstrap-executor-0] c.n.d.s.r.aws.ConfigClusterResolver      : Resolving eureka endpoints via configuration
2019-07-27 13:52:13.802  INFO 29868 --- [AsyncResolver-bootstrap-executor-0] c.n.d.s.r.aws.ConfigClusterResolver      : Resolving eureka endpoints via configuration
2019-07-27 13:57:13.811  INFO 29868 --- [AsyncResolver-bootstrap-executor-0] c.n.d.s.r.aws.ConfigClusterResolver      : Resolving eureka endpoints via configuration
2019-07-27 13:58:17.406  INFO 29868 --- [http-nio-2020-exec-5] s.c.a.AnnotationConfigApplicationContext : Refreshing org.springframework.context.annotation.AnnotationConfigApplicationContext@7f89ba61: startup date [Sat Jul 27 13:58:17 CST 2019]; root of context hierarchy
2019-07-27 13:58:17.409  INFO 29868 --- [http-nio-2020-exec-5] f.a.AutowiredAnnotationBeanPostProcessor : JSR-330 'javax.inject.Inject' annotation found and supported for autowiring
2019-07-27 13:58:17.425  INFO 29868 --- [http-nio-2020-exec-5] o.s.c.c.s.e.NativeEnvironmentRepository  : Adding property source: classpath:/shared/xxpay-web.yml
2019-07-27 13:58:17.425  INFO 29868 --- [http-nio-2020-exec-5] o.s.c.c.s.e.NativeEnvironmentRepository  : Adding property source: classpath:/shared/application.yml
2019-07-27 13:58:17.425  INFO 29868 --- [http-nio-2020-exec-5] s.c.a.AnnotationConfigApplicationContext : Closing org.springframework.context.annotation.AnnotationConfigApplicationContext@7f89ba61: startup date [Sat Jul 27 13:58:17 CST 2019]; root of context hierarchy
